#
# A fatal error has been detected by the Java Runtime Environment:
#
#  EXCEPTION_ACCESS_VIOLATION (0xc0000005) at pc=0x0000000000000005, pid=8472, tid=3664
#
# JRE version: OpenJDK Runtime Environment (11.0.12+7) (build 11.0.12+7-b1504.28-7817840)
# Java VM: OpenJDK 64-Bit Server VM (11.0.12+7-b1504.28-7817840, mixed mode, tiered, compressed oops, g1 gc, windows-amd64)
# Problematic frame:
# C  0x0000000000000005
#
# No core dump will be written. Minidumps are not enabled by default on client versions of Windows
#
# If you would like to submit a bug report, please visit:
#   https://bugreport.java.com/bugreport/crash.jsp
#

---------------  S U M M A R Y ------------

Command Line: --add-opens=java.base/java.util=ALL-UNNAMED --add-opens=java.base/java.lang=ALL-UNNAMED --add-opens=java.base/java.lang.invoke=ALL-UNNAMED --add-opens=java.base/java.util=ALL-UNNAMED --add-opens=java.prefs/java.util.prefs=ALL-UNNAMED --add-opens=java.prefs/java.util.prefs=ALL-UNNAMED --add-opens=java.base/java.nio.charset=ALL-UNNAMED --add-opens=java.base/java.net=ALL-UNNAMED --add-opens=java.base/java.util.concurrent.atomic=ALL-UNNAMED -Xmx2048m -Dfile.encoding=UTF-8 -Duser.country=RU -Duser.language=ru -Duser.variant org.gradle.launcher.daemon.bootstrap.GradleDaemon 7.3.3

Host: Intel(R) Core(TM) i5-7400 CPU @ 3.00GHz, 4 cores, 15G,  Windows 10 , 64 bit Build 19041 (10.0.19041.2788)
Time: Mon May  8 04:14:12 2023 Новосибирское стандартное время elapsed time: 941.693388 seconds (0d 0h 15m 41s)

---------------  T H R E A D  ---------------

Current thread (0x000001a9f40c3800):  GCTaskThread "GC Thread#0" [stack: 0x000000a35b600000,0x000000a35b700000] [id=3664]

Stack: [0x000000a35b600000,0x000000a35b700000],  sp=0x000000a35b6ff588,  free space=1021k
Native frames: (J=compiled Java code, j=interpreted, Vv=VM code, C=native code)
C  0x0000000000000005


siginfo: EXCEPTION_ACCESS_VIOLATION (0xc0000005), data execution prevention violation at address 0x0000000000000005


Register to memory mapping:

RIP=0x0000000000000005 is an unknown value
RAX=0x00000000000001a9 is an unknown value
RBX=0x000000008cd9d101 is pointing into object: org.gradle.internal.snapshot.impl.HashCodeSnapshot 
{0x000000008cd9d100} - klass: 'org/gradle/internal/snapshot/impl/HashCodeSnapshot'
RCX=0x000001a9977a5700 points into unknown readable memory: 0x00007ff8ce7844a0 | a0 44 78 ce f8 7f 00 00
RDX=0x000000008cd9d160 is an oop: 
[error occurred during error reporting (printing register info), id 0xc0000005, EXCEPTION_ACCESS_VIOLATION (0xc0000005) at pc=0x00000000000f423f]

Registers:
RAX=0x00000000000001a9, RBX=0x000000008cd9d101, RCX=0x000001a9977a5700, RDX=0x000000008cd9d160
RSP=0x000000a35b6ff588, RBP=0x0000000000000005, RSI=0x000001a9977a5590, RDI=0x000000008cd9d160
R8 =0x00000001005a32c0, R9 =0x00007ff8ce8f74a0, R10=0x000000008e75f9e8, R11=0x000000008cd9d160
R12=0x000000000000001a, R13=0x0000000000000000, R14=0x0000000000000000, R15=0x000000008e75f9e8
RIP=0x0000000000000005, EFLAGS=0x0000000000010206

Top of Stack: (sp=0x000000a35b6ff588)
0x000000a35b6ff588:   00007ff8ce2575d8 000000008cd9d101
0x000000a35b6ff598:   000001a9977a5590 000001a9977a5590
0x000000a35b6ff5a8:   00007ff8ce2281be 0000000088963c00
0x000000a35b6ff5b8:   0000000088963c00 0000001f87700000
0x000000a35b6ff5c8:   000000000000000d 0000000000000001
0x000000a35b6ff5d8:   000001a9977a5590 0000000000000040
0x000000a35b6ff5e8:   000001a9f40c4900 0000000000000000
0x000000a35b6ff5f8:   000001a9977a5590 000000a35b6ff801
0x000000a35b6ff608:   00007ff8ce229052 000001a9977a5590
0x000000a35b6ff618:   00007ff8ce261a01 000001a9f4188f88
0x000000a35b6ff628:   000000008cd9d14c 000001a9f40c4880
0x000000a35b6ff638:   00007ff8ce2557ab 000000000000109e
0x000000a35b6ff648:   00007ff8ce26060e 0000000088963d00
0x000000a35b6ff658:   0000000088963e00 00000000889636b0
0x000000a35b6ff668:   000001a9f4188f88 0000000000000000
0x000000a35b6ff678:   00007ff8ce545ccf 000000a35b6ff720 

Instructions: (pc=0x0000000000000005)
0xffffffffffffff05:   


Stack slot to memory mapping:
stack at sp + 0 slots: 0x00007ff8ce2575d8 jvm.dll
stack at sp + 1 slots: 0x000000008cd9d101 is pointing into object: org.gradle.internal.snapshot.impl.HashCodeSnapshot 
{0x000000008cd9d100} - klass: 'org/gradle/internal/snapshot/impl/HashCodeSnapshot'
stack at sp + 2 slots: 0x000001a9977a5590 points into unknown readable memory: 0x00007ff8ce7844e8 | e8 44 78 ce f8 7f 00 00
stack at sp + 3 slots: 0x000001a9977a5590 points into unknown readable memory: 0x00007ff8ce7844e8 | e8 44 78 ce f8 7f 00 00
stack at sp + 4 slots: 0x00007ff8ce2281be jvm.dll
stack at sp + 5 slots: 0x0000000088963c00 is an oop: java.util.concurrent.ConcurrentHashMap$Node 
{0x0000000088963c00} - klass: 'java/util/concurrent/ConcurrentHashMap$Node'
stack at sp + 6 slots: 0x0000000088963c00 is an oop: java.util.concurrent.ConcurrentHashMap$Node 
{0x0000000088963c00} - klass: 'java/util/concurrent/ConcurrentHashMap$Node'
stack at sp + 7 slots: 0x0000001f87700000 is an unknown value


---------------  P R O C E S S  ---------------

Threads class SMR info:
_java_thread_list=0x000001a9978410a0, length=98, elements={
0x000001a9f40ab000, 0x000001a9fecea000, 0x000001a9ff512800, 0x000001a9ff52f000,
0x000001a9ff530800, 0x000001a9ff531800, 0x000001a9ff576800, 0x000001a9ff5e7800,
0x000001a9ff5ec000, 0x000001a9ff6de800, 0x000001a98ffa7800, 0x000001a98fc1f800,
0x000001a990427000, 0x000001a98f1d3800, 0x000001a98f1d4000, 0x000001a98f1d2000,
0x000001a98f1d7800, 0x000001a98f1d6800, 0x000001a98f1d8800, 0x000001a98f1d2800,
0x000001a990b7c800, 0x000001a990b80800, 0x000001a990b81000, 0x000001a990b83800,
0x000001a993b21000, 0x000001a99a124000, 0x000001a99a11f000, 0x000001a99a12a800,
0x000001a99a12b000, 0x000001a999de3000, 0x000001a9928a1000, 0x000001a993b1d000,
0x000001a99a123000, 0x000001a99a11f800, 0x000001a99a11e000, 0x000001a99a120800,
0x000001a99a124800, 0x000001a99a121800, 0x000001a99a125800, 0x000001a99a12c000,
0x000001a99a126800, 0x000001a99a127000, 0x000001a99a128000, 0x000001a99a128800,
0x000001a99a129800, 0x000001a99289e800, 0x000001a9928a0000, 0x000001a9928a2000,
0x000001a99289f800, 0x000001a9928a2800, 0x000001a99289d000, 0x000001a9928a3800,
0x000001a99289d800, 0x000001a9928aa000, 0x000001a9928a4000, 0x000001a9928a6800,
0x000001a9928a6000, 0x000001a9928aa800, 0x000001a9928a5000, 0x000001a9928ab800,
0x000001a9928a9000, 0x000001a9928a7800, 0x000001a9928a8800, 0x000001a999de7000,
0x000001a999de4000, 0x000001a999de9800, 0x000001a999de4800, 0x000001a999de8000,
0x000001a999de5800, 0x000001a999dea800, 0x000001a999de6800, 0x000001a999dee800,
0x000001a999ded000, 0x000001a999deb800, 0x000001a999de9000, 0x000001a999dec000,
0x000001a999ded800, 0x000001a999def800, 0x000001a999df0000, 0x000001a999df1000,
0x000001a999df2000, 0x000001a993b13000, 0x000001a993b17000, 0x000001a993b18000,
0x000001a993b15000, 0x000001a993b19000, 0x000001a993b19800, 0x000001a993b14000,
0x000001a993b1b800, 0x000001a993b1c000, 0x000001a993b1a800, 0x000001a993b1e000,
0x000001a993b1f800, 0x000001a993b15800, 0x000001a993b1e800, 0x000001a993b20000,
0x000001a993b22000, 0x000001a990b7f800
}

Java Threads: ( => current thread )
  0x000001a9f40ab000 JavaThread "main" [_thread_blocked, id=8048, stack(0x000000a35b500000,0x000000a35b600000)]
  0x000001a9fecea000 JavaThread "Reference Handler" daemon [_thread_blocked, id=11040, stack(0x000000a35bc00000,0x000000a35bd00000)]
  0x000001a9ff512800 JavaThread "Finalizer" daemon [_thread_blocked, id=1316, stack(0x000000a35bd00000,0x000000a35be00000)]
  0x000001a9ff52f000 JavaThread "Signal Dispatcher" daemon [_thread_blocked, id=3340, stack(0x000000a35bf00000,0x000000a35c000000)]
  0x000001a9ff530800 JavaThread "Attach Listener" daemon [_thread_blocked, id=6816, stack(0x000000a35c000000,0x000000a35c100000)]
  0x000001a9ff531800 JavaThread "Service Thread" daemon [_thread_blocked, id=1284, stack(0x000000a35c100000,0x000000a35c200000)]
  0x000001a9ff576800 JavaThread "C2 CompilerThread0" daemon [_thread_in_native, id=3124, stack(0x000000a35c200000,0x000000a35c300000)]
  0x000001a9ff5e7800 JavaThread "C1 CompilerThread0" daemon [_thread_blocked, id=6784, stack(0x000000a35c300000,0x000000a35c400000)]
  0x000001a9ff5ec000 JavaThread "Sweeper thread" daemon [_thread_blocked, id=3952, stack(0x000000a35c400000,0x000000a35c500000)]
  0x000001a9ff6de800 JavaThread "Common-Cleaner" daemon [_thread_blocked, id=4744, stack(0x000000a35c500000,0x000000a35c600000)]
  0x000001a98ffa7800 JavaThread "Daemon health stats" [_thread_blocked, id=8272, stack(0x000000a35c700000,0x000000a35c800000)]
  0x000001a98fc1f800 JavaThread "Incoming local TCP Connector on port 56478" [_thread_in_native, id=7040, stack(0x000000a35cb00000,0x000000a35cc00000)]
  0x000001a990427000 JavaThread "Daemon periodic checks" [_thread_blocked, id=1032, stack(0x000000a35ce00000,0x000000a35cf00000)]
  0x000001a98f1d3800 JavaThread "Cache worker for journal cache (C:\Users\Dobro\.gradle\caches\journal-1)" [_thread_blocked, id=3188, stack(0x000000a35d400000,0x000000a35d500000)]
  0x000001a98f1d4000 JavaThread "File lock request listener" [_thread_in_native, id=9916, stack(0x000000a35d500000,0x000000a35d600000)]
  0x000001a98f1d2000 JavaThread "Cache worker for file hash cache (C:\Users\Dobro\.gradle\caches\7.3.3\fileHashes)" [_thread_blocked, id=11252, stack(0x000000a35d600000,0x000000a35d700000)]
  0x000001a98f1d7800 JavaThread "File watcher server" daemon [_thread_in_native, id=2840, stack(0x000000a35d800000,0x000000a35d900000)]
  0x000001a98f1d6800 JavaThread "File watcher consumer" daemon [_thread_blocked, id=9740, stack(0x000000a35d900000,0x000000a35da00000)]
  0x000001a98f1d8800 JavaThread "jar transforms" [_thread_blocked, id=10708, stack(0x000000a35db00000,0x000000a35dc00000)]
  0x000001a98f1d2800 JavaThread "jar transforms Thread 2" [_thread_blocked, id=5076, stack(0x000000a35dc00000,0x000000a35dd00000)]
  0x000001a990b7c800 JavaThread "jar transforms Thread 3" [_thread_blocked, id=3296, stack(0x000000a35dd00000,0x000000a35de00000)]
  0x000001a990b80800 JavaThread "jar transforms Thread 4" [_thread_blocked, id=9124, stack(0x000000a35de00000,0x000000a35df00000)]
  0x000001a990b81000 JavaThread "Cache worker for execution history cache (C:\Users\Dobro\.gradle\caches\7.3.3\executionHistory)" [_thread_blocked, id=2324, stack(0x000000a35e200000,0x000000a35e300000)]
  0x000001a990b83800 JavaThread "Cache worker for file content cache (C:\Users\Dobro\.gradle\caches\7.3.3\fileContent)" [_thread_blocked, id=10480, stack(0x000000a35e300000,0x000000a35e400000)]
  0x000001a993b21000 JavaThread "Memory manager" [_thread_blocked, id=1676, stack(0x000000a360e00000,0x000000a360f00000)]
  0x000001a99a124000 JavaThread "RMI Scheduler(0)" daemon [_thread_blocked, id=7872, stack(0x000000a35d200000,0x000000a35d300000)]
  0x000001a99a11f000 JavaThread "RMI GC Daemon" daemon [_thread_blocked, id=8816, stack(0x000000a361500000,0x000000a361600000)]
  0x000001a99a12a800 JavaThread "RMI TCP Accept-0" daemon [_thread_in_native, id=10912, stack(0x000000a361600000,0x000000a361700000)]
  0x000001a99a12b000 JavaThread "RMI Reaper" [_thread_blocked, id=7552, stack(0x000000a361700000,0x000000a361800000)]
  0x000001a999de3000 JavaThread "Cache worker for Java compile cache (C:\Users\Dobro\.gradle\caches\7.3.3\javaCompile)" [_thread_blocked, id=4764, stack(0x000000a362100000,0x000000a362200000)]
  0x000001a9928a1000 JavaThread "ForkJoinPool.commonPool-worker-1" daemon [_thread_blocked, id=9816, stack(0x000000a361800000,0x000000a361900000)]
  0x000001a993b1d000 JavaThread "RMI TCP Connection(14)-127.0.0.1" daemon [_thread_in_native, id=1156, stack(0x000000a361900000,0x000000a361a00000)]
  0x000001a99a123000 JavaThread "ForkJoinPool.commonPool-worker-7" daemon [_thread_blocked, id=1612, stack(0x000000a362000000,0x000000a362100000)]
  0x000001a99a11f800 JavaThread "Daemon Thread 5" [_thread_blocked, id=5264, stack(0x000000a35b300000,0x000000a35b400000)]
  0x000001a99a11e000 JavaThread "Handler for socket connection from /127.0.0.1:56478 to /127.0.0.1:59290" [_thread_in_native, id=8144, stack(0x000000a35b400000,0x000000a35b500000)]
  0x000001a99a120800 JavaThread "Cancel handler" [_thread_blocked, id=4900, stack(0x000000a35be00000,0x000000a35bf00000)]
  0x000001a99a124800 JavaThread "Daemon worker Thread 5" [_thread_blocked, id=4380, stack(0x000000a35cc00000,0x000000a35cd00000)]
  0x000001a99a121800 JavaThread "Asynchronous log dispatcher for DefaultDaemonConnection: socket connection from /127.0.0.1:56478 to /127.0.0.1:59290" [_thread_blocked, id=6652, stack(0x000000a35cd00000,0x000000a35ce00000)]
  0x000001a99a125800 JavaThread "Stdin handler" [_thread_blocked, id=5160, stack(0x000000a35cf00000,0x000000a35d000000)]
  0x000001a99a12c000 JavaThread "Daemon client event forwarder" [_thread_blocked, id=9396, stack(0x000000a35d000000,0x000000a35d100000)]
  0x000001a99a126800 JavaThread "Cache worker for file hash cache (C:\Users\Dobro\AndroidStudioProjects\StyleImage\.gradle\7.3.3\fileHashes)" [_thread_blocked, id=10044, stack(0x000000a35d100000,0x000000a35d200000)]
  0x000001a99a127000 JavaThread "Cache worker for checksums cache (C:\Users\Dobro\AndroidStudioProjects\StyleImage\.gradle\7.3.3\checksums)" [_thread_blocked, id=3968, stack(0x000000a35d300000,0x000000a35d400000)]
  0x000001a99a128000 JavaThread "Cache worker for cache directory md-supplier (C:\Users\Dobro\.gradle\caches\7.3.3\md-supplier)" [_thread_blocked, id=5668, stack(0x000000a35da00000,0x000000a35db00000)]
  0x000001a99a128800 JavaThread "Cache worker for cache directory md-rule (C:\Users\Dobro\.gradle\caches\7.3.3\md-rule)" [_thread_blocked, id=792, stack(0x000000a35df00000,0x000000a35e000000)]
  0x000001a99a129800 JavaThread "Cache worker for dependencies-accessors (C:\Users\Dobro\AndroidStudioProjects\StyleImage\.gradle\7.3.3\dependencies-accessors)" [_thread_blocked, id=8996, stack(0x000000a35e000000,0x000000a35e100000)]
  0x000001a99289e800 JavaThread "Cache worker for Build Output Cleanup Cache (C:\Users\Dobro\AndroidStudioProjects\StyleImage\.gradle\buildOutputCleanup)" [_thread_blocked, id=2744, stack(0x000000a35e100000,0x000000a35e200000)]
  0x000001a9928a0000 JavaThread "Unconstrained build operations" [_thread_blocked, id=5552, stack(0x000000a35e400000,0x000000a35e500000)]
  0x000001a9928a2000 JavaThread "Unconstrained build operations Thread 2" [_thread_blocked, id=7452, stack(0x000000a35e500000,0x000000a35e600000)]
  0x000001a99289f800 JavaThread "Unconstrained build operations Thread 3" [_thread_blocked, id=10244, stack(0x000000a35e600000,0x000000a35e700000)]
  0x000001a9928a2800 JavaThread "Unconstrained build operations Thread 4" [_thread_blocked, id=8140, stack(0x000000a35e700000,0x000000a35e800000)]
  0x000001a99289d000 JavaThread "Unconstrained build operations Thread 5" [_thread_blocked, id=4856, stack(0x000000a35e800000,0x000000a35e900000)]
  0x000001a9928a3800 JavaThread "Unconstrained build operations Thread 6" [_thread_blocked, id=10420, stack(0x000000a35e900000,0x000000a35ea00000)]
  0x000001a99289d800 JavaThread "Unconstrained build operations Thread 7" [_thread_blocked, id=3704, stack(0x000000a35ea00000,0x000000a35eb00000)]
  0x000001a9928aa000 JavaThread "Unconstrained build operations Thread 8" [_thread_blocked, id=9460, stack(0x000000a35eb00000,0x000000a35ec00000)]
  0x000001a9928a4000 JavaThread "Unconstrained build operations Thread 9" [_thread_blocked, id=8356, stack(0x000000a35ec00000,0x000000a35ed00000)]
  0x000001a9928a6800 JavaThread "Unconstrained build operations Thread 10" [_thread_blocked, id=8688, stack(0x000000a35ed00000,0x000000a35ee00000)]
  0x000001a9928a6000 JavaThread "Unconstrained build operations Thread 11" [_thread_blocked, id=10512, stack(0x000000a35ee00000,0x000000a35ef00000)]
  0x000001a9928aa800 JavaThread "Unconstrained build operations Thread 12" [_thread_blocked, id=8240, stack(0x000000a35ef00000,0x000000a35f000000)]
  0x000001a9928a5000 JavaThread "Unconstrained build operations Thread 13" [_thread_blocked, id=5244, stack(0x000000a35f000000,0x000000a35f100000)]
  0x000001a9928ab800 JavaThread "Unconstrained build operations Thread 14" [_thread_blocked, id=7320, stack(0x000000a35f100000,0x000000a35f200000)]
  0x000001a9928a9000 JavaThread "Unconstrained build operations Thread 15" [_thread_blocked, id=8128, stack(0x000000a35f200000,0x000000a35f300000)]
  0x000001a9928a7800 JavaThread "Unconstrained build operations Thread 16" [_thread_blocked, id=3000, stack(0x000000a35f300000,0x000000a35f400000)]
  0x000001a9928a8800 JavaThread "Unconstrained build operations Thread 17" [_thread_blocked, id=4804, stack(0x000000a35f400000,0x000000a35f500000)]
  0x000001a999de7000 JavaThread "Unconstrained build operations Thread 18" [_thread_blocked, id=3484, stack(0x000000a35f500000,0x000000a35f600000)]
  0x000001a999de4000 JavaThread "Unconstrained build operations Thread 19" [_thread_blocked, id=6028, stack(0x000000a35f600000,0x000000a35f700000)]
  0x000001a999de9800 JavaThread "Unconstrained build operations Thread 20" [_thread_blocked, id=10712, stack(0x000000a35f700000,0x000000a35f800000)]
  0x000001a999de4800 JavaThread "Unconstrained build operations Thread 21" [_thread_blocked, id=6836, stack(0x000000a35f800000,0x000000a35f900000)]
  0x000001a999de8000 JavaThread "Unconstrained build operations Thread 22" [_thread_blocked, id=804, stack(0x000000a35f900000,0x000000a35fa00000)]
  0x000001a999de5800 JavaThread "Unconstrained build operations Thread 23" [_thread_blocked, id=2132, stack(0x000000a35fa00000,0x000000a35fb00000)]
  0x000001a999dea800 JavaThread "Unconstrained build operations Thread 24" [_thread_blocked, id=7956, stack(0x000000a35fb00000,0x000000a35fc00000)]
  0x000001a999de6800 JavaThread "Unconstrained build operations Thread 25" [_thread_blocked, id=6140, stack(0x000000a35fc00000,0x000000a35fd00000)]
  0x000001a999dee800 JavaThread "Unconstrained build operations Thread 26" [_thread_blocked, id=3752, stack(0x000000a35fd00000,0x000000a35fe00000)]
  0x000001a999ded000 JavaThread "Unconstrained build operations Thread 27" [_thread_blocked, id=3716, stack(0x000000a35fe00000,0x000000a35ff00000)]
  0x000001a999deb800 JavaThread "Unconstrained build operations Thread 28" [_thread_blocked, id=880, stack(0x000000a35ff00000,0x000000a360000000)]
  0x000001a999de9000 JavaThread "Unconstrained build operations Thread 29" [_thread_blocked, id=9992, stack(0x000000a360000000,0x000000a360100000)]
  0x000001a999dec000 JavaThread "Unconstrained build operations Thread 30" [_thread_blocked, id=4060, stack(0x000000a360100000,0x000000a360200000)]
  0x000001a999ded800 JavaThread "Unconstrained build operations Thread 31" [_thread_blocked, id=5632, stack(0x000000a360200000,0x000000a360300000)]
  0x000001a999def800 JavaThread "Unconstrained build operations Thread 32" [_thread_blocked, id=9648, stack(0x000000a360300000,0x000000a360400000)]
  0x000001a999df0000 JavaThread "Unconstrained build operations Thread 33" [_thread_blocked, id=3012, stack(0x000000a360400000,0x000000a360500000)]
  0x000001a999df1000 JavaThread "Unconstrained build operations Thread 34" [_thread_blocked, id=9184, stack(0x000000a360500000,0x000000a360600000)]
  0x000001a999df2000 JavaThread "Unconstrained build operations Thread 35" [_thread_blocked, id=9944, stack(0x000000a360600000,0x000000a360700000)]
  0x000001a993b13000 JavaThread "Unconstrained build operations Thread 36" [_thread_blocked, id=6120, stack(0x000000a360700000,0x000000a360800000)]
  0x000001a993b17000 JavaThread "Unconstrained build operations Thread 37" [_thread_blocked, id=6000, stack(0x000000a360800000,0x000000a360900000)]
  0x000001a993b18000 JavaThread "Unconstrained build operations Thread 38" [_thread_blocked, id=4848, stack(0x000000a360900000,0x000000a360a00000)]
  0x000001a993b15000 JavaThread "Unconstrained build operations Thread 39" [_thread_blocked, id=6084, stack(0x000000a360a00000,0x000000a360b00000)]
  0x000001a993b19000 JavaThread "Unconstrained build operations Thread 40" [_thread_blocked, id=3628, stack(0x000000a360b00000,0x000000a360c00000)]
  0x000001a993b19800 JavaThread "build event listener" [_thread_blocked, id=1668, stack(0x000000a360d00000,0x000000a360e00000)]
  0x000001a993b14000 JavaThread "Execution worker for ':'" [_thread_blocked, id=7624, stack(0x000000a360f00000,0x000000a361000000)]
  0x000001a993b1b800 JavaThread "Execution worker for ':' Thread 2" [_thread_blocked, id=2968, stack(0x000000a361000000,0x000000a361100000)]
  0x000001a993b1c000 JavaThread "Execution worker for ':' Thread 3" [_thread_blocked, id=4860, stack(0x000000a361100000,0x000000a361200000)]
  0x000001a993b1a800 JavaThread "Cache worker for execution history cache (C:\Users\Dobro\AndroidStudioProjects\StyleImage\.gradle\7.3.3\executionHistory)" [_thread_blocked, id=7928, stack(0x000000a361200000,0x000000a361300000)]
  0x000001a993b1e000 JavaThread "WorkerExecutor Queue" [_thread_in_native, id=6896, stack(0x000000a361300000,0x000000a361400000)]
  0x000001a993b1f800 JavaThread "RMI RenewClean-[127.0.0.1:17799,org.jetbrains.kotlin.daemon.common.LoopbackNetworkInterface$ClientLoopbackSocketFactory@6a12d085]" daemon [_thread_blocked, id=8532, stack(0x000000a361400000,0x000000a361500000)]
  0x000001a993b15800 JavaThread "WorkerExecutor Queue Thread 2" [_thread_blocked, id=10680, stack(0x000000a360c00000,0x000000a360d00000)]
  0x000001a993b1e800 JavaThread "WorkerExecutor Queue Thread 3" [_thread_in_native, id=9164, stack(0x000000a361a00000,0x000000a361b00000)]
  0x000001a993b20000 JavaThread "WorkerExecutor Queue Thread 4" [_thread_in_native, id=2656, stack(0x000000a361b00000,0x000000a361c00000)]
  0x000001a993b22000 JavaThread "WorkerExecutor Queue Thread 5" [_thread_blocked, id=4884, stack(0x000000a361c00000,0x000000a361d00000)]
  0x000001a990b7f800 JavaThread "C2 CompilerThread1" daemon [_thread_in_native, id=2940, stack(0x000000a361d00000,0x000000a361e00000)]

Other Threads:
  0x000001a9fece5000 VMThread "VM Thread" [stack: 0x000000a35bb00000,0x000000a35bc00000] [id=2828]
  0x000001a9ff708000 WatcherThread [stack: 0x000000a35c600000,0x000000a35c700000] [id=8844]
=>0x000001a9f40c3800 GCTaskThread "GC Thread#0" [stack: 0x000000a35b600000,0x000000a35b700000] [id=3664]
  0x000001a98f0d3000 GCTaskThread "GC Thread#1" [stack: 0x000000a35c800000,0x000000a35c900000] [id=4892]
  0x000001a98f63b800 GCTaskThread "GC Thread#2" [stack: 0x000000a35c900000,0x000000a35ca00000] [id=10636]
  0x000001a98f63c800 GCTaskThread "GC Thread#3" [stack: 0x000000a35ca00000,0x000000a35cb00000] [id=8804]
  0x000001a9f40f4800 ConcurrentGCThread "G1 Main Marker" [stack: 0x000000a35b700000,0x000000a35b800000] [id=5752]
  0x000001a9f40f5800 ConcurrentGCThread "G1 Conc#0" [stack: 0x000000a35b800000,0x000000a35b900000] [id=10644]
  0x000001a9feb50800 ConcurrentGCThread "G1 Refine#0" [stack: 0x000000a35b900000,0x000000a35ba00000] [id=2748]
  0x000001a999e56800 ConcurrentGCThread "G1 Refine#1" [stack: 0x000000a35d700000,0x000000a35d800000] [id=5684]
  0x000001a9feb51000 ConcurrentGCThread "G1 Young RemSet Sampling" [stack: 0x000000a35ba00000,0x000000a35bb00000] [id=7604]

Threads with active compile tasks:
C2 CompilerThread0 941708 26361       4       org.gradle.cache.internal.DefaultCacheAccess$UnitOfWorkFileAccess::writeFile (14 bytes)
C1 CompilerThread0 941708 26465   !   3       com.android.tools.r8.graph.l::a (1381 bytes)
C2 CompilerThread1 941708 26435       4       com.android.tools.r8.internal.B::putAll (124 bytes)

VM state:at safepoint (normal execution)

VM Mutex/Monitor currently owned by a thread:  ([mutex/lock_event])
[0x000001a9f40a5a00] Threads_lock - owner thread: 0x000001a9fece5000
[0x000001a9f40a6a50] Heap_lock - owner thread: 0x000001a993b15800

Heap address: 0x0000000080000000, size: 2048 MB, Compressed Oops mode: 32-bit
Narrow klass base: 0x0000000000000000, Narrow klass shift: 3
Compressed class space size: 1073741824 Address: 0x0000000100000000

Heap:
 garbage-first heap   total 262144K, used 217173K [0x0000000080000000, 0x0000000100000000)
  region size 1024K, 52 young (53248K), 4 survivors (4096K)
 Metaspace       used 146320K, capacity 151447K, committed 151792K, reserved 1181696K
  class space    used 18471K, capacity 20305K, committed 20428K, reserved 1048576K
Heap Regions: E=young(eden), S=young(survivor), O=old, HS=humongous(starts), HC=humongous(continues), CS=collection set, F=free, A=archive, TAMS=top-at-mark-start (previous, next)
|   0|0x0000000080000000, 0x0000000080100000, 0x0000000080100000|100%| O|  |TAMS 0x0000000080100000, 0x0000000080000000| Untracked 
|   1|0x0000000080100000, 0x0000000080200000, 0x0000000080200000|100%| O|  |TAMS 0x0000000080200000, 0x0000000080100000| Untracked 
|   2|0x0000000080200000, 0x0000000080300000, 0x0000000080300000|100%| O|  |TAMS 0x0000000080300000, 0x0000000080200000| Untracked 
|   3|0x0000000080300000, 0x0000000080400000, 0x0000000080400000|100%|HS|  |TAMS 0x0000000080400000, 0x0000000080300000| Complete 
|   4|0x0000000080400000, 0x0000000080500000, 0x0000000080500000|100%|HC|  |TAMS 0x0000000080500000, 0x0000000080400000| Complete 
|   5|0x0000000080500000, 0x0000000080600000, 0x0000000080600000|100%|HC|  |TAMS 0x0000000080600000, 0x0000000080500000| Complete 
|   6|0x0000000080600000, 0x0000000080700000, 0x0000000080700000|100%| O|  |TAMS 0x0000000080700000, 0x0000000080600000| Untracked 
|   7|0x0000000080700000, 0x0000000080800000, 0x0000000080800000|100%| O|  |TAMS 0x0000000080800000, 0x0000000080700000| Untracked 
|   8|0x0000000080800000, 0x0000000080900000, 0x0000000080900000|100%| O|  |TAMS 0x0000000080900000, 0x0000000080800000| Untracked 
|   9|0x0000000080900000, 0x0000000080a00000, 0x0000000080a00000|100%| O|  |TAMS 0x0000000080a00000, 0x0000000080900000| Untracked 
|  10|0x0000000080a00000, 0x0000000080b00000, 0x0000000080b00000|100%| O|  |TAMS 0x0000000080b00000, 0x0000000080a00000| Untracked 
|  11|0x0000000080b00000, 0x0000000080c00000, 0x0000000080c00000|100%| O|  |TAMS 0x0000000080c00000, 0x0000000080b00000| Untracked 
|  12|0x0000000080c00000, 0x0000000080d00000, 0x0000000080d00000|100%| O|  |TAMS 0x0000000080d00000, 0x0000000080c00000| Untracked 
|  13|0x0000000080d00000, 0x0000000080e00000, 0x0000000080e00000|100%| O|  |TAMS 0x0000000080e00000, 0x0000000080d00000| Untracked 
|  14|0x0000000080e00000, 0x0000000080f00000, 0x0000000080f00000|100%|HS|  |TAMS 0x0000000080f00000, 0x0000000080e00000| Complete 
|  15|0x0000000080f00000, 0x0000000081000000, 0x0000000081000000|100%|HC|  |TAMS 0x0000000081000000, 0x0000000080f00000| Complete 
|  16|0x0000000081000000, 0x0000000081100000, 0x0000000081100000|100%|HS|  |TAMS 0x0000000081100000, 0x0000000081000000| Complete 
|  17|0x0000000081100000, 0x0000000081200000, 0x0000000081200000|100%|HC|  |TAMS 0x0000000081200000, 0x0000000081100000| Complete 
|  18|0x0000000081200000, 0x0000000081300000, 0x0000000081300000|100%|HC|  |TAMS 0x0000000081300000, 0x0000000081200000| Complete 
|  19|0x0000000081300000, 0x0000000081400000, 0x0000000081400000|100%|HS|  |TAMS 0x0000000081400000, 0x0000000081300000| Complete 
|  20|0x0000000081400000, 0x0000000081500000, 0x0000000081500000|100%|HS|  |TAMS 0x0000000081500000, 0x0000000081400000| Complete 
|  21|0x0000000081500000, 0x0000000081600000, 0x0000000081600000|100%|HC|  |TAMS 0x0000000081600000, 0x0000000081500000| Complete 
|  22|0x0000000081600000, 0x0000000081700000, 0x0000000081700000|100%|HC|  |TAMS 0x0000000081700000, 0x0000000081600000| Complete 
|  23|0x0000000081700000, 0x0000000081800000, 0x0000000081800000|100%|HC|  |TAMS 0x0000000081800000, 0x0000000081700000| Complete 
|  24|0x0000000081800000, 0x0000000081900000, 0x0000000081900000|100%| O|  |TAMS 0x0000000081900000, 0x0000000081800000| Untracked 
|  25|0x0000000081900000, 0x0000000081a00000, 0x0000000081a00000|100%| O|  |TAMS 0x0000000081a00000, 0x0000000081900000| Untracked 
|  26|0x0000000081a00000, 0x0000000081b00000, 0x0000000081b00000|100%| O|  |TAMS 0x0000000081b00000, 0x0000000081a00000| Untracked 
|  27|0x0000000081b00000, 0x0000000081c00000, 0x0000000081c00000|100%|HS|  |TAMS 0x0000000081c00000, 0x0000000081b00000| Complete 
|  28|0x0000000081c00000, 0x0000000081d00000, 0x0000000081d00000|100%|HS|  |TAMS 0x0000000081d00000, 0x0000000081c00000| Complete 
|  29|0x0000000081d00000, 0x0000000081e00000, 0x0000000081e00000|100%|HS|  |TAMS 0x0000000081e00000, 0x0000000081d00000| Complete 
|  30|0x0000000081e00000, 0x0000000081f00000, 0x0000000081f00000|100%| O|  |TAMS 0x0000000081f00000, 0x0000000081e00000| Untracked 
|  31|0x0000000081f00000, 0x0000000082000000, 0x0000000082000000|100%| O|  |TAMS 0x0000000082000000, 0x0000000081f00000| Untracked 
|  32|0x0000000082000000, 0x0000000082100000, 0x0000000082100000|100%| O|  |TAMS 0x0000000082100000, 0x0000000082000000| Untracked 
|  33|0x0000000082100000, 0x0000000082200000, 0x0000000082200000|100%|HS|  |TAMS 0x0000000082200000, 0x0000000082100000| Complete 
|  34|0x0000000082200000, 0x0000000082300000, 0x0000000082300000|100%|HC|  |TAMS 0x0000000082300000, 0x0000000082200000| Complete 
|  35|0x0000000082300000, 0x0000000082400000, 0x0000000082400000|100%|HC|  |TAMS 0x0000000082400000, 0x0000000082300000| Complete 
|  36|0x0000000082400000, 0x0000000082500000, 0x0000000082500000|100%|HS|  |TAMS 0x0000000082500000, 0x0000000082400000| Complete 
|  37|0x0000000082500000, 0x0000000082600000, 0x0000000082600000|100%|HC|  |TAMS 0x0000000082600000, 0x0000000082500000| Complete 
|  38|0x0000000082600000, 0x0000000082700000, 0x0000000082700000|100%|HC|  |TAMS 0x0000000082700000, 0x0000000082600000| Complete 
|  39|0x0000000082700000, 0x0000000082800000, 0x0000000082800000|100%|HC|  |TAMS 0x0000000082800000, 0x0000000082700000| Complete 
|  40|0x0000000082800000, 0x0000000082900000, 0x0000000082900000|100%|HS|  |TAMS 0x0000000082900000, 0x0000000082800000| Complete 
|  41|0x0000000082900000, 0x0000000082a00000, 0x0000000082a00000|100%| O|  |TAMS 0x0000000082a00000, 0x0000000082900000| Untracked 
|  42|0x0000000082a00000, 0x0000000082b00000, 0x0000000082b00000|100%|HS|  |TAMS 0x0000000082b00000, 0x0000000082a00000| Complete 
|  43|0x0000000082b00000, 0x0000000082c00000, 0x0000000082c00000|100%|HC|  |TAMS 0x0000000082c00000, 0x0000000082b00000| Complete 
|  44|0x0000000082c00000, 0x0000000082d00000, 0x0000000082d00000|100%|HC|  |TAMS 0x0000000082d00000, 0x0000000082c00000| Complete 
|  45|0x0000000082d00000, 0x0000000082e00000, 0x0000000082e00000|100%|HS|  |TAMS 0x0000000082e00000, 0x0000000082d00000| Complete 
|  46|0x0000000082e00000, 0x0000000082f00000, 0x0000000082f00000|100%|HC|  |TAMS 0x0000000082f00000, 0x0000000082e00000| Complete 
|  47|0x0000000082f00000, 0x0000000083000000, 0x0000000083000000|100%| O|  |TAMS 0x0000000083000000, 0x0000000082f00000| Untracked 
|  48|0x0000000083000000, 0x0000000083100000, 0x0000000083100000|100%| O|  |TAMS 0x0000000083100000, 0x0000000083000000| Untracked 
|  49|0x0000000083100000, 0x0000000083200000, 0x0000000083200000|100%| O|  |TAMS 0x0000000083200000, 0x0000000083100000| Untracked 
|  50|0x0000000083200000, 0x0000000083300000, 0x0000000083300000|100%| O|  |TAMS 0x0000000083300000, 0x0000000083200000| Untracked 
|  51|0x0000000083300000, 0x0000000083400000, 0x0000000083400000|100%| O|  |TAMS 0x0000000083400000, 0x0000000083300000| Untracked 
|  52|0x0000000083400000, 0x0000000083500000, 0x0000000083500000|100%| O|  |TAMS 0x0000000083500000, 0x0000000083400000| Untracked 
|  53|0x0000000083500000, 0x0000000083600000, 0x0000000083600000|100%| O|  |TAMS 0x0000000083600000, 0x0000000083500000| Untracked 
|  54|0x0000000083600000, 0x0000000083700000, 0x0000000083700000|100%| O|  |TAMS 0x0000000083700000, 0x0000000083600000| Untracked 
|  55|0x0000000083700000, 0x0000000083800000, 0x0000000083800000|100%| O|  |TAMS 0x0000000083800000, 0x0000000083700000| Untracked 
|  56|0x0000000083800000, 0x0000000083900000, 0x0000000083900000|100%| O|  |TAMS 0x0000000083900000, 0x0000000083800000| Untracked 
|  57|0x0000000083900000, 0x0000000083a00000, 0x0000000083a00000|100%| O|  |TAMS 0x0000000083a00000, 0x0000000083900000| Untracked 
|  58|0x0000000083a00000, 0x0000000083b00000, 0x0000000083b00000|100%| O|  |TAMS 0x0000000083b00000, 0x0000000083a00000| Untracked 
|  59|0x0000000083b00000, 0x0000000083c00000, 0x0000000083c00000|100%| O|  |TAMS 0x0000000083c00000, 0x0000000083b00000| Untracked 
|  60|0x0000000083c00000, 0x0000000083d00000, 0x0000000083d00000|100%| O|  |TAMS 0x0000000083d00000, 0x0000000083c00000| Untracked 
|  61|0x0000000083d00000, 0x0000000083e00000, 0x0000000083e00000|100%| O|  |TAMS 0x0000000083e00000, 0x0000000083d00000| Untracked 
|  62|0x0000000083e00000, 0x0000000083f00000, 0x0000000083f00000|100%| O|  |TAMS 0x0000000083f00000, 0x0000000083e00000| Untracked 
|  63|0x0000000083f00000, 0x0000000084000000, 0x0000000084000000|100%| O|  |TAMS 0x0000000084000000, 0x0000000083f00000| Untracked 
|  64|0x0000000084000000, 0x0000000084100000, 0x0000000084100000|100%| O|  |TAMS 0x0000000084100000, 0x0000000084000000| Untracked 
|  65|0x0000000084100000, 0x0000000084200000, 0x0000000084200000|100%| O|  |TAMS 0x0000000084200000, 0x0000000084100000| Untracked 
|  66|0x0000000084200000, 0x0000000084300000, 0x0000000084300000|100%| O|  |TAMS 0x0000000084300000, 0x0000000084200000| Untracked 
|  67|0x0000000084300000, 0x0000000084400000, 0x0000000084400000|100%|HS|  |TAMS 0x0000000084400000, 0x0000000084300000| Complete 
|  68|0x0000000084400000, 0x0000000084500000, 0x0000000084500000|100%| O|  |TAMS 0x0000000084500000, 0x0000000084400000| Untracked 
|  69|0x0000000084500000, 0x0000000084600000, 0x0000000084600000|100%| O|  |TAMS 0x0000000084600000, 0x0000000084500000| Untracked 
|  70|0x0000000084600000, 0x0000000084700000, 0x0000000084700000|100%| O|  |TAMS 0x0000000084700000, 0x0000000084600000| Untracked 
|  71|0x0000000084700000, 0x0000000084800000, 0x0000000084800000|100%| O|  |TAMS 0x0000000084800000, 0x0000000084700000| Untracked 
|  72|0x0000000084800000, 0x0000000084900000, 0x0000000084900000|100%| O|  |TAMS 0x0000000084900000, 0x0000000084800000| Untracked 
|  73|0x0000000084900000, 0x0000000084a00000, 0x0000000084a00000|100%| O|  |TAMS 0x0000000084a00000, 0x0000000084900000| Untracked 
|  74|0x0000000084a00000, 0x0000000084b00000, 0x0000000084b00000|100%| O|  |TAMS 0x0000000084b00000, 0x0000000084a00000| Untracked 
|  75|0x0000000084b00000, 0x0000000084c00000, 0x0000000084c00000|100%| O|  |TAMS 0x0000000084c00000, 0x0000000084b00000| Untracked 
|  76|0x0000000084c00000, 0x0000000084d00000, 0x0000000084d00000|100%|HS|  |TAMS 0x0000000084d00000, 0x0000000084c00000| Complete 
|  77|0x0000000084d00000, 0x0000000084e00000, 0x0000000084e00000|100%|HC|  |TAMS 0x0000000084e00000, 0x0000000084d00000| Complete 
|  78|0x0000000084e00000, 0x0000000084f00000, 0x0000000084f00000|100%|HS|  |TAMS 0x0000000084f00000, 0x0000000084e00000| Complete 
|  79|0x0000000084f00000, 0x0000000085000000, 0x0000000085000000|100%|HC|  |TAMS 0x0000000085000000, 0x0000000084f00000| Complete 
|  80|0x0000000085000000, 0x0000000085100000, 0x0000000085100000|100%|HC|  |TAMS 0x0000000085100000, 0x0000000085000000| Complete 
|  81|0x0000000085100000, 0x0000000085200000, 0x0000000085200000|100%|HS|  |TAMS 0x0000000085200000, 0x0000000085100000| Complete 
|  82|0x0000000085200000, 0x0000000085300000, 0x0000000085300000|100%|HC|  |TAMS 0x0000000085300000, 0x0000000085200000| Complete 
|  83|0x0000000085300000, 0x0000000085400000, 0x0000000085400000|100%|HC|  |TAMS 0x0000000085400000, 0x0000000085300000| Complete 
|  84|0x0000000085400000, 0x0000000085500000, 0x0000000085500000|100%|HC|  |TAMS 0x0000000085500000, 0x0000000085400000| Complete 
|  85|0x0000000085500000, 0x0000000085600000, 0x0000000085600000|100%| O|  |TAMS 0x0000000085600000, 0x0000000085500000| Untracked 
|  86|0x0000000085600000, 0x0000000085700000, 0x0000000085700000|100%| O|  |TAMS 0x0000000085700000, 0x0000000085600000| Untracked 
|  87|0x0000000085700000, 0x0000000085800000, 0x0000000085800000|100%| O|  |TAMS 0x0000000085800000, 0x0000000085700000| Untracked 
|  88|0x0000000085800000, 0x0000000085900000, 0x0000000085900000|100%| O|  |TAMS 0x0000000085900000, 0x0000000085800000| Untracked 
|  89|0x0000000085900000, 0x0000000085a00000, 0x0000000085a00000|100%| O|  |TAMS 0x0000000085a00000, 0x0000000085900000| Untracked 
|  90|0x0000000085a00000, 0x0000000085b00000, 0x0000000085b00000|100%| O|  |TAMS 0x0000000085b00000, 0x0000000085a00000| Untracked 
|  91|0x0000000085b00000, 0x0000000085c00000, 0x0000000085c00000|100%| O|  |TAMS 0x0000000085c00000, 0x0000000085b00000| Untracked 
|  92|0x0000000085c00000, 0x0000000085d00000, 0x0000000085d00000|100%| O|  |TAMS 0x0000000085d00000, 0x0000000085c00000| Untracked 
|  93|0x0000000085d00000, 0x0000000085e00000, 0x0000000085e00000|100%| O|  |TAMS 0x0000000085e00000, 0x0000000085d00000| Untracked 
|  94|0x0000000085e00000, 0x0000000085f00000, 0x0000000085f00000|100%| O|  |TAMS 0x0000000085f00000, 0x0000000085e00000| Untracked 
|  95|0x0000000085f00000, 0x0000000086000000, 0x0000000086000000|100%| O|  |TAMS 0x0000000086000000, 0x0000000085f00000| Untracked 
|  96|0x0000000086000000, 0x0000000086100000, 0x0000000086100000|100%| O|  |TAMS 0x0000000086100000, 0x0000000086000000| Untracked 
|  97|0x0000000086100000, 0x0000000086200000, 0x0000000086200000|100%| O|  |TAMS 0x0000000086200000, 0x0000000086100000| Untracked 
|  98|0x0000000086200000, 0x0000000086300000, 0x0000000086300000|100%| O|  |TAMS 0x0000000086300000, 0x0000000086200000| Untracked 
|  99|0x0000000086300000, 0x0000000086400000, 0x0000000086400000|100%| O|  |TAMS 0x0000000086400000, 0x0000000086300000| Untracked 
| 100|0x0000000086400000, 0x0000000086500000, 0x0000000086500000|100%| O|  |TAMS 0x0000000086400000, 0x0000000086400000| Untracked 
| 101|0x0000000086500000, 0x0000000086600000, 0x0000000086600000|100%| O|  |TAMS 0x0000000086600000, 0x0000000086500000| Untracked 
| 102|0x0000000086600000, 0x0000000086700000, 0x0000000086700000|100%| O|  |TAMS 0x0000000086700000, 0x0000000086600000| Untracked 
| 103|0x0000000086700000, 0x0000000086800000, 0x0000000086800000|100%| O|  |TAMS 0x0000000086700000, 0x0000000086700000| Untracked 
| 104|0x0000000086800000, 0x0000000086900000, 0x0000000086900000|100%| O|  |TAMS 0x0000000086900000, 0x0000000086800000| Untracked 
| 105|0x0000000086900000, 0x0000000086a00000, 0x0000000086a00000|100%| O|  |TAMS 0x0000000086a00000, 0x0000000086900000| Untracked 
| 106|0x0000000086a00000, 0x0000000086b00000, 0x0000000086b00000|100%| O|  |TAMS 0x0000000086b00000, 0x0000000086a00000| Untracked 
| 107|0x0000000086b00000, 0x0000000086c00000, 0x0000000086c00000|100%| O|  |TAMS 0x0000000086c00000, 0x0000000086b00000| Untracked 
| 108|0x0000000086c00000, 0x0000000086d00000, 0x0000000086d00000|100%| O|  |TAMS 0x0000000086d00000, 0x0000000086c00000| Untracked 
| 109|0x0000000086d00000, 0x0000000086e00000, 0x0000000086e00000|100%| O|  |TAMS 0x0000000086e00000, 0x0000000086d00000| Untracked 
| 110|0x0000000086e00000, 0x0000000086f00000, 0x0000000086f00000|100%| O|  |TAMS 0x0000000086f00000, 0x0000000086e00000| Untracked 
| 111|0x0000000086f00000, 0x0000000087000000, 0x0000000087000000|100%| O|  |TAMS 0x0000000087000000, 0x0000000086f00000| Untracked 
| 112|0x0000000087000000, 0x0000000087100000, 0x0000000087100000|100%| O|  |TAMS 0x0000000087000000, 0x0000000087000000| Untracked 
| 113|0x0000000087100000, 0x0000000087200000, 0x0000000087200000|100%| O|  |TAMS 0x0000000087200000, 0x0000000087100000| Untracked 
| 114|0x0000000087200000, 0x0000000087300000, 0x0000000087300000|100%| O|  |TAMS 0x0000000087300000, 0x0000000087200000| Untracked 
| 115|0x0000000087300000, 0x0000000087400000, 0x0000000087400000|100%| O|  |TAMS 0x0000000087400000, 0x0000000087300000| Untracked 
| 116|0x0000000087400000, 0x0000000087500000, 0x0000000087500000|100%| O|  |TAMS 0x0000000087500000, 0x0000000087400000| Untracked 
| 117|0x0000000087500000, 0x0000000087600000, 0x0000000087600000|100%| O|  |TAMS 0x0000000087500000, 0x0000000087500000| Untracked 
| 118|0x0000000087600000, 0x0000000087700000, 0x0000000087700000|100%| O|  |TAMS 0x0000000087700000, 0x0000000087600000| Untracked 
| 119|0x0000000087700000, 0x0000000087800000, 0x0000000087800000|100%| O|  |TAMS 0x0000000087800000, 0x0000000087700000| Untracked 
| 120|0x0000000087800000, 0x0000000087900000, 0x0000000087900000|100%| O|  |TAMS 0x0000000087900000, 0x0000000087800000| Untracked 
| 121|0x0000000087900000, 0x0000000087a00000, 0x0000000087a00000|100%| O|  |TAMS 0x0000000087a00000, 0x0000000087900000| Untracked 
| 122|0x0000000087a00000, 0x0000000087b00000, 0x0000000087b00000|100%| O|  |TAMS 0x0000000087b00000, 0x0000000087a00000| Untracked 
| 123|0x0000000087b00000, 0x0000000087c00000, 0x0000000087c00000|100%| O|  |TAMS 0x0000000087c00000, 0x0000000087b00000| Untracked 
| 124|0x0000000087c00000, 0x0000000087d00000, 0x0000000087d00000|100%| O|  |TAMS 0x0000000087c00000, 0x0000000087c00000| Untracked 
| 125|0x0000000087d00000, 0x0000000087e00000, 0x0000000087e00000|100%| O|  |TAMS 0x0000000087e00000, 0x0000000087d00000| Untracked 
| 126|0x0000000087e00000, 0x0000000087f00000, 0x0000000087f00000|100%| O|  |TAMS 0x0000000087f00000, 0x0000000087e00000| Untracked 
| 127|0x0000000087f00000, 0x0000000087fa89a0, 0x0000000088000000| 65%| O|  |TAMS 0x0000000087f00000, 0x0000000087f00000| Untracked 
| 128|0x0000000088000000, 0x0000000088000000, 0x0000000088100000|  0%| F|  |TAMS 0x0000000088000000, 0x0000000088000000| Untracked 
| 129|0x0000000088100000, 0x0000000088100000, 0x0000000088200000|  0%| F|  |TAMS 0x0000000088100000, 0x0000000088100000| Untracked 
| 130|0x0000000088200000, 0x0000000088300000, 0x0000000088300000|100%| O|  |TAMS 0x0000000088300000, 0x0000000088200000| Untracked 
| 131|0x0000000088300000, 0x0000000088400000, 0x0000000088400000|100%| O|  |TAMS 0x0000000088400000, 0x0000000088300000| Untracked 
| 132|0x0000000088400000, 0x0000000088500000, 0x0000000088500000|100%| O|  |TAMS 0x0000000088500000, 0x0000000088400000| Untracked 
| 133|0x0000000088500000, 0x0000000088600000, 0x0000000088600000|100%| O|  |TAMS 0x0000000088600000, 0x0000000088500000| Untracked 
| 134|0x0000000088600000, 0x0000000088700000, 0x0000000088700000|100%| O|  |TAMS 0x0000000088700000, 0x0000000088600000| Untracked 
| 135|0x0000000088700000, 0x0000000088800000, 0x0000000088800000|100%| O|  |TAMS 0x0000000088800000, 0x0000000088700000| Untracked 
| 136|0x0000000088800000, 0x0000000088900000, 0x0000000088900000|100%| O|  |TAMS 0x0000000088900000, 0x0000000088800000| Untracked 
| 137|0x0000000088900000, 0x0000000088a00000, 0x0000000088a00000|100%| O|  |TAMS 0x0000000088a00000, 0x0000000088900000| Untracked 
| 138|0x0000000088a00000, 0x0000000088b00000, 0x0000000088b00000|100%| O|  |TAMS 0x0000000088b00000, 0x0000000088a00000| Untracked 
| 139|0x0000000088b00000, 0x0000000088c00000, 0x0000000088c00000|100%| O|  |TAMS 0x0000000088c00000, 0x0000000088b00000| Untracked 
| 140|0x0000000088c00000, 0x0000000088d00000, 0x0000000088d00000|100%| O|  |TAMS 0x0000000088d00000, 0x0000000088c00000| Untracked 
| 141|0x0000000088d00000, 0x0000000088e00000, 0x0000000088e00000|100%| O|  |TAMS 0x0000000088e00000, 0x0000000088d00000| Untracked 
| 142|0x0000000088e00000, 0x0000000088f00000, 0x0000000088f00000|100%| O|  |TAMS 0x0000000088f00000, 0x0000000088e00000| Untracked 
| 143|0x0000000088f00000, 0x0000000089000000, 0x0000000089000000|100%| O|  |TAMS 0x0000000089000000, 0x0000000088f00000| Untracked 
| 144|0x0000000089000000, 0x0000000089100000, 0x0000000089100000|100%| O|  |TAMS 0x0000000089100000, 0x0000000089000000| Untracked 
| 145|0x0000000089100000, 0x0000000089200000, 0x0000000089200000|100%| O|  |TAMS 0x0000000089200000, 0x0000000089100000| Untracked 
| 146|0x0000000089200000, 0x0000000089300000, 0x0000000089300000|100%| O|  |TAMS 0x0000000089300000, 0x0000000089200000| Untracked 
| 147|0x0000000089300000, 0x0000000089400000, 0x0000000089400000|100%| O|  |TAMS 0x0000000089400000, 0x0000000089300000| Untracked 
| 148|0x0000000089400000, 0x0000000089500000, 0x0000000089500000|100%| O|  |TAMS 0x0000000089500000, 0x0000000089400000| Untracked 
| 149|0x0000000089500000, 0x0000000089600000, 0x0000000089600000|100%| O|  |TAMS 0x0000000089600000, 0x0000000089500000| Untracked 
| 150|0x0000000089600000, 0x0000000089700000, 0x0000000089700000|100%| O|  |TAMS 0x0000000089700000, 0x0000000089600000| Untracked 
| 151|0x0000000089700000, 0x0000000089800000, 0x0000000089800000|100%| O|  |TAMS 0x0000000089800000, 0x0000000089700000| Untracked 
| 152|0x0000000089800000, 0x0000000089900000, 0x0000000089900000|100%| O|  |TAMS 0x0000000089900000, 0x0000000089800000| Untracked 
| 153|0x0000000089900000, 0x0000000089900000, 0x0000000089a00000|  0%| F|  |TAMS 0x0000000089900000, 0x0000000089900000| Untracked 
| 154|0x0000000089a00000, 0x0000000089a00000, 0x0000000089b00000|  0%| F|  |TAMS 0x0000000089a00000, 0x0000000089a00000| Untracked 
| 155|0x0000000089b00000, 0x0000000089c00000, 0x0000000089c00000|100%| O|  |TAMS 0x0000000089c00000, 0x0000000089b00000| Untracked 
| 156|0x0000000089c00000, 0x0000000089d00000, 0x0000000089d00000|100%| O|  |TAMS 0x0000000089d00000, 0x0000000089c00000| Untracked 
| 157|0x0000000089d00000, 0x0000000089e00000, 0x0000000089e00000|100%| O|  |TAMS 0x0000000089e00000, 0x0000000089d00000| Untracked 
| 158|0x0000000089e00000, 0x0000000089f00000, 0x0000000089f00000|100%| O|  |TAMS 0x0000000089f00000, 0x0000000089e00000| Untracked 
| 159|0x0000000089f00000, 0x000000008a000000, 0x000000008a000000|100%| O|  |TAMS 0x000000008a000000, 0x0000000089f00000| Untracked 
| 160|0x000000008a000000, 0x000000008a100000, 0x000000008a100000|100%| O|  |TAMS 0x000000008a100000, 0x000000008a000000| Untracked 
| 161|0x000000008a100000, 0x000000008a100000, 0x000000008a200000|  0%| F|  |TAMS 0x000000008a100000, 0x000000008a100000| Untracked 
| 162|0x000000008a200000, 0x000000008a200000, 0x000000008a300000|  0%| F|  |TAMS 0x000000008a200000, 0x000000008a200000| Untracked 
| 163|0x000000008a300000, 0x000000008a300000, 0x000000008a400000|  0%| F|  |TAMS 0x000000008a300000, 0x000000008a300000| Untracked 
| 164|0x000000008a400000, 0x000000008a400000, 0x000000008a500000|  0%| F|  |TAMS 0x000000008a400000, 0x000000008a400000| Untracked 
| 165|0x000000008a500000, 0x000000008a600000, 0x000000008a600000|100%| O|  |TAMS 0x000000008a600000, 0x000000008a500000| Untracked 
| 166|0x000000008a600000, 0x000000008a600000, 0x000000008a700000|  0%| F|  |TAMS 0x000000008a600000, 0x000000008a600000| Untracked 
| 167|0x000000008a700000, 0x000000008a700000, 0x000000008a800000|  0%| F|  |TAMS 0x000000008a700000, 0x000000008a700000| Untracked 
| 168|0x000000008a800000, 0x000000008a900000, 0x000000008a900000|100%| O|  |TAMS 0x000000008a900000, 0x000000008a800000| Untracked 
| 169|0x000000008a900000, 0x000000008aa00000, 0x000000008aa00000|100%| O|  |TAMS 0x000000008aa00000, 0x000000008a900000| Untracked 
| 170|0x000000008aa00000, 0x000000008aa00000, 0x000000008ab00000|  0%| F|  |TAMS 0x000000008aa00000, 0x000000008aa00000| Untracked 
| 171|0x000000008ab00000, 0x000000008ab00000, 0x000000008ac00000|  0%| F|  |TAMS 0x000000008ab00000, 0x000000008ab00000| Untracked 
| 172|0x000000008ac00000, 0x000000008ad00000, 0x000000008ad00000|100%| O|  |TAMS 0x000000008ad00000, 0x000000008ac00000| Untracked 
| 173|0x000000008ad00000, 0x000000008ae00000, 0x000000008ae00000|100%| O|  |TAMS 0x000000008ae00000, 0x000000008ad00000| Untracked 
| 174|0x000000008ae00000, 0x000000008af00000, 0x000000008af00000|100%| O|  |TAMS 0x000000008ae55000, 0x000000008ae00000| Untracked 
| 175|0x000000008af00000, 0x000000008af00000, 0x000000008b000000|  0%| F|  |TAMS 0x000000008af00000, 0x000000008af00000| Untracked 
| 176|0x000000008b000000, 0x000000008b000000, 0x000000008b100000|  0%| F|  |TAMS 0x000000008b000000, 0x000000008b000000| Untracked 
| 177|0x000000008b100000, 0x000000008b100000, 0x000000008b200000|  0%| F|  |TAMS 0x000000008b100000, 0x000000008b100000| Untracked 
| 178|0x000000008b200000, 0x000000008b200000, 0x000000008b300000|  0%| F|  |TAMS 0x000000008b200000, 0x000000008b200000| Untracked 
| 179|0x000000008b300000, 0x000000008b300000, 0x000000008b400000|  0%| F|  |TAMS 0x000000008b300000, 0x000000008b300000| Untracked 
| 180|0x000000008b400000, 0x000000008b400000, 0x000000008b500000|  0%| F|  |TAMS 0x000000008b400000, 0x000000008b400000| Untracked 
| 181|0x000000008b500000, 0x000000008b600000, 0x000000008b600000|100%| O|  |TAMS 0x000000008b600000, 0x000000008b500000| Untracked 
| 182|0x000000008b600000, 0x000000008b600000, 0x000000008b700000|  0%| F|  |TAMS 0x000000008b600000, 0x000000008b600000| Untracked 
| 183|0x000000008b700000, 0x000000008b700000, 0x000000008b800000|  0%| F|  |TAMS 0x000000008b700000, 0x000000008b700000| Untracked 
| 184|0x000000008b800000, 0x000000008b800000, 0x000000008b900000|  0%| F|  |TAMS 0x000000008b800000, 0x000000008b800000| Untracked 
| 185|0x000000008b900000, 0x000000008b900000, 0x000000008ba00000|  0%| F|  |TAMS 0x000000008b900000, 0x000000008b900000| Untracked 
| 186|0x000000008ba00000, 0x000000008ba00000, 0x000000008bb00000|  0%| F|  |TAMS 0x000000008ba00000, 0x000000008ba00000| Untracked 
| 187|0x000000008bb00000, 0x000000008bb00000, 0x000000008bc00000|  0%| F|  |TAMS 0x000000008bb00000, 0x000000008bb00000| Untracked 
| 188|0x000000008bc00000, 0x000000008bc00000, 0x000000008bd00000|  0%| F|  |TAMS 0x000000008bc00000, 0x000000008bc00000| Untracked 
| 189|0x000000008bd00000, 0x000000008bd00000, 0x000000008be00000|  0%| F|  |TAMS 0x000000008bd00000, 0x000000008bd00000| Untracked 
| 190|0x000000008be00000, 0x000000008be00000, 0x000000008bf00000|  0%| F|  |TAMS 0x000000008be00000, 0x000000008be00000| Untracked 
| 191|0x000000008bf00000, 0x000000008bf00000, 0x000000008c000000|  0%| F|  |TAMS 0x000000008bf00000, 0x000000008bf00000| Untracked 
| 192|0x000000008c000000, 0x000000008c000000, 0x000000008c100000|  0%| F|  |TAMS 0x000000008c000000, 0x000000008c000000| Untracked 
| 193|0x000000008c100000, 0x000000008c100000, 0x000000008c200000|  0%| F|  |TAMS 0x000000008c100000, 0x000000008c100000| Untracked 
| 194|0x000000008c200000, 0x000000008c200000, 0x000000008c300000|  0%| F|  |TAMS 0x000000008c200000, 0x000000008c200000| Untracked 
| 195|0x000000008c300000, 0x000000008c300000, 0x000000008c400000|  0%| F|  |TAMS 0x000000008c300000, 0x000000008c300000| Untracked 
| 196|0x000000008c400000, 0x000000008c4c05c0, 0x000000008c500000| 75%| E|CS|TAMS 0x000000008c400000, 0x000000008c400000| Complete 
| 197|0x000000008c500000, 0x000000008c600000, 0x000000008c600000|100%| E|CS|TAMS 0x000000008c500000, 0x000000008c500000| Complete 
| 198|0x000000008c600000, 0x000000008c700000, 0x000000008c700000|100%| E|CS|TAMS 0x000000008c600000, 0x000000008c600000| Complete 
| 199|0x000000008c700000, 0x000000008c800000, 0x000000008c800000|100%| E|CS|TAMS 0x000000008c700000, 0x000000008c700000| Complete 
| 200|0x000000008c800000, 0x000000008c900000, 0x000000008c900000|100%| E|CS|TAMS 0x000000008c800000, 0x000000008c800000| Complete 
| 201|0x000000008c900000, 0x000000008ca00000, 0x000000008ca00000|100%| E|CS|TAMS 0x000000008c900000, 0x000000008c900000| Complete 
| 202|0x000000008ca00000, 0x000000008cb00000, 0x000000008cb00000|100%| E|CS|TAMS 0x000000008ca00000, 0x000000008ca00000| Complete 
| 203|0x000000008cb00000, 0x000000008cb00000, 0x000000008cc00000|  0%| F|  |TAMS 0x000000008cb00000, 0x000000008cb00000| Untracked 
| 204|0x000000008cc00000, 0x000000008ccc7068, 0x000000008cd00000| 77%| S|  |TAMS 0x000000008cc00000, 0x000000008cc00000| Complete 
| 205|0x000000008cd00000, 0x000000008ce00000, 0x000000008ce00000|100%| S|  |TAMS 0x000000008cd00000, 0x000000008cd00000| Complete 
| 206|0x000000008ce00000, 0x000000008cf00000, 0x000000008cf00000|100%| S|  |TAMS 0x000000008ce00000, 0x000000008ce00000| Complete 
| 207|0x000000008cf00000, 0x000000008d000000, 0x000000008d000000|100%| S|  |TAMS 0x000000008cf00000, 0x000000008cf00000| Complete 
| 208|0x000000008d000000, 0x000000008d100000, 0x000000008d100000|100%| E|CS|TAMS 0x000000008d000000, 0x000000008d000000| Complete 
| 209|0x000000008d100000, 0x000000008d200000, 0x000000008d200000|100%| E|CS|TAMS 0x000000008d100000, 0x000000008d100000| Complete 
| 210|0x000000008d200000, 0x000000008d300000, 0x000000008d300000|100%| E|CS|TAMS 0x000000008d200000, 0x000000008d200000| Complete 
| 211|0x000000008d300000, 0x000000008d400000, 0x000000008d400000|100%| E|CS|TAMS 0x000000008d300000, 0x000000008d300000| Complete 
| 212|0x000000008d400000, 0x000000008d500000, 0x000000008d500000|100%| E|CS|TAMS 0x000000008d400000, 0x000000008d400000| Complete 
| 213|0x000000008d500000, 0x000000008d600000, 0x000000008d600000|100%| E|CS|TAMS 0x000000008d500000, 0x000000008d500000| Complete 
| 214|0x000000008d600000, 0x000000008d700000, 0x000000008d700000|100%| E|CS|TAMS 0x000000008d600000, 0x000000008d600000| Complete 
| 215|0x000000008d700000, 0x000000008d800000, 0x000000008d800000|100%| E|CS|TAMS 0x000000008d700000, 0x000000008d700000| Complete 
| 216|0x000000008d800000, 0x000000008d900000, 0x000000008d900000|100%| E|CS|TAMS 0x000000008d800000, 0x000000008d800000| Complete 
| 217|0x000000008d900000, 0x000000008da00000, 0x000000008da00000|100%| E|CS|TAMS 0x000000008d900000, 0x000000008d900000| Complete 
| 218|0x000000008da00000, 0x000000008db00000, 0x000000008db00000|100%| E|CS|TAMS 0x000000008da00000, 0x000000008da00000| Complete 
| 219|0x000000008db00000, 0x000000008dc00000, 0x000000008dc00000|100%| E|CS|TAMS 0x000000008db00000, 0x000000008db00000| Complete 
| 220|0x000000008dc00000, 0x000000008dd00000, 0x000000008dd00000|100%| E|CS|TAMS 0x000000008dc00000, 0x000000008dc00000| Complete 
| 221|0x000000008dd00000, 0x000000008de00000, 0x000000008de00000|100%| E|CS|TAMS 0x000000008dd00000, 0x000000008dd00000| Complete 
| 222|0x000000008de00000, 0x000000008df00000, 0x000000008df00000|100%| E|CS|TAMS 0x000000008de00000, 0x000000008de00000| Complete 
| 223|0x000000008df00000, 0x000000008e000000, 0x000000008e000000|100%| E|CS|TAMS 0x000000008df00000, 0x000000008df00000| Complete 
| 224|0x000000008e000000, 0x000000008e100000, 0x000000008e100000|100%| E|CS|TAMS 0x000000008e000000, 0x000000008e000000| Complete 
| 225|0x000000008e100000, 0x000000008e200000, 0x000000008e200000|100%| E|CS|TAMS 0x000000008e100000, 0x000000008e100000| Complete 
| 226|0x000000008e200000, 0x000000008e300000, 0x000000008e300000|100%| E|CS|TAMS 0x000000008e200000, 0x000000008e200000| Complete 
| 227|0x000000008e300000, 0x000000008e400000, 0x000000008e400000|100%| E|CS|TAMS 0x000000008e300000, 0x000000008e300000| Complete 
| 228|0x000000008e400000, 0x000000008e500000, 0x000000008e500000|100%| E|CS|TAMS 0x000000008e400000, 0x000000008e400000| Complete 
| 229|0x000000008e500000, 0x000000008e600000, 0x000000008e600000|100%| E|CS|TAMS 0x000000008e500000, 0x000000008e500000| Complete 
| 230|0x000000008e600000, 0x000000008e700000, 0x000000008e700000|100%| E|CS|TAMS 0x000000008e600000, 0x000000008e600000| Complete 
| 231|0x000000008e700000, 0x000000008e800000, 0x000000008e800000|100%| E|CS|TAMS 0x000000008e700000, 0x000000008e700000| Complete 
| 232|0x000000008e800000, 0x000000008e900000, 0x000000008e900000|100%| E|CS|TAMS 0x000000008e800000, 0x000000008e800000| Complete 
| 233|0x000000008e900000, 0x000000008ea00000, 0x000000008ea00000|100%| E|CS|TAMS 0x000000008e900000, 0x000000008e900000| Complete 
| 234|0x000000008ea00000, 0x000000008eb00000, 0x000000008eb00000|100%| E|CS|TAMS 0x000000008ea00000, 0x000000008ea00000| Complete 
| 235|0x000000008eb00000, 0x000000008ec00000, 0x000000008ec00000|100%| E|CS|TAMS 0x000000008eb00000, 0x000000008eb00000| Complete 
| 236|0x000000008ec00000, 0x000000008ed00000, 0x000000008ed00000|100%| E|CS|TAMS 0x000000008ec00000, 0x000000008ec00000| Complete 
| 237|0x000000008ed00000, 0x000000008ee00000, 0x000000008ee00000|100%| E|CS|TAMS 0x000000008ed00000, 0x000000008ed00000| Complete 
| 238|0x000000008ee00000, 0x000000008ef00000, 0x000000008ef00000|100%| E|CS|TAMS 0x000000008ee00000, 0x000000008ee00000| Complete 
| 239|0x000000008ef00000, 0x000000008f000000, 0x000000008f000000|100%| E|CS|TAMS 0x000000008ef00000, 0x000000008ef00000| Complete 
| 240|0x000000008f000000, 0x000000008f100000, 0x000000008f100000|100%| E|CS|TAMS 0x000000008f000000, 0x000000008f000000| Complete 
| 241|0x000000008f100000, 0x000000008f200000, 0x000000008f200000|100%| E|CS|TAMS 0x000000008f100000, 0x000000008f100000| Complete 
| 242|0x000000008f200000, 0x000000008f300000, 0x000000008f300000|100%| E|CS|TAMS 0x000000008f200000, 0x000000008f200000| Complete 
| 243|0x000000008f300000, 0x000000008f400000, 0x000000008f400000|100%| E|CS|TAMS 0x000000008f300000, 0x000000008f300000| Complete 
| 244|0x000000008f400000, 0x000000008f500000, 0x000000008f500000|100%| E|CS|TAMS 0x000000008f400000, 0x000000008f400000| Complete 
| 245|0x000000008f500000, 0x000000008f600000, 0x000000008f600000|100%| E|CS|TAMS 0x000000008f500000, 0x000000008f500000| Complete 
| 246|0x000000008f600000, 0x000000008f700000, 0x000000008f700000|100%| E|CS|TAMS 0x000000008f600000, 0x000000008f600000| Complete 
| 247|0x000000008f700000, 0x000000008f800000, 0x000000008f800000|100%| E|CS|TAMS 0x000000008f700000, 0x000000008f700000| Complete 
| 248|0x000000008f800000, 0x000000008f900000, 0x000000008f900000|100%| E|CS|TAMS 0x000000008f800000, 0x000000008f800000| Complete 
| 249|0x000000008f900000, 0x000000008fa00000, 0x000000008fa00000|100%| E|CS|TAMS 0x000000008f900000, 0x000000008f900000| Complete 
| 250|0x000000008fa00000, 0x000000008fb00000, 0x000000008fb00000|100%| E|CS|TAMS 0x000000008fa00000, 0x000000008fa00000| Complete 
| 251|0x000000008fb00000, 0x000000008fc00000, 0x000000008fc00000|100%| E|CS|TAMS 0x000000008fb00000, 0x000000008fb00000| Complete 
| 252|0x000000008fc00000, 0x000000008fd00000, 0x000000008fd00000|100%| E|CS|TAMS 0x000000008fc00000, 0x000000008fc00000| Complete 
| 253|0x000000008fd00000, 0x000000008fe00000, 0x000000008fe00000|100%| E|CS|TAMS 0x000000008fd00000, 0x000000008fd00000| Complete 
| 254|0x000000008fe00000, 0x000000008ff00000, 0x000000008ff00000|100%| E|CS|TAMS 0x000000008fe00000, 0x000000008fe00000| Complete 
| 255|0x000000008ff00000, 0x0000000090000000, 0x0000000090000000|100%| E|CS|TAMS 0x000000008ff00000, 0x000000008ff00000| Complete 

Card table byte_map: [0x000001a9f7fc0000,0x000001a9f83c0000] _byte_map_base: 0x000001a9f7bc0000

Marking Bits (Prev, Next): (CMBitMap*) 0x000001a9f40eb780, (CMBitMap*) 0x000001a9f40eb748
 Prev Bits: [0x000001a9fa7c0000, 0x000001a9fc7c0000)
 Next Bits: [0x000001a9f87c0000, 0x000001a9fa7c0000)

Polling page: 0x000001a9f3890000

Metaspace:

Usage:
  Non-class:    128.07 MB capacity,   124.85 MB ( 97%) used,     2.66 MB (  2%) free+waste,   568.88 KB ( <1%) overhead. 
      Class:     19.83 MB capacity,    18.04 MB ( 91%) used,     1.54 MB (  8%) free+waste,   252.69 KB (  1%) overhead. 
       Both:    147.90 MB capacity,   142.89 MB ( 97%) used,     4.20 MB (  3%) free+waste,   821.56 KB ( <1%) overhead. 

Virtual space:
  Non-class space:      130.00 MB reserved,     128.29 MB ( 99%) committed 
      Class space:        1.00 GB reserved,      19.95 MB (  2%) committed 
             Both:        1.13 GB reserved,     148.23 MB ( 13%) committed 

Chunk freelists:
   Non-Class:  30.00 KB
       Class:  0 bytes
        Both:  30.00 KB

MaxMetaspaceSize: 17179869184.00 GB
CompressedClassSpaceSize: 1.00 GB
Initial GC threshold: 20.80 MB
Current GC threshold: 246.64 MB
CDS: off

CodeHeap 'non-profiled nmethods': size=120064Kb used=17268Kb max_used=17268Kb free=102795Kb
 bounds [0x000001a987ac0000, 0x000001a988bb0000, 0x000001a98f000000]
CodeHeap 'profiled nmethods': size=120000Kb used=54320Kb max_used=54945Kb free=65679Kb
 bounds [0x000001a980590000, 0x000001a983b90000, 0x000001a987ac0000]
CodeHeap 'non-nmethods': size=5696Kb used=2529Kb max_used=2611Kb free=3166Kb
 bounds [0x000001a980000000, 0x000001a9802b0000, 0x000001a980590000]
 total_blobs=24743 nmethods=23677 adapters=975
 compilation: enabled
              stopped_count=0, restarted_count=0
 full_count=0

Compilation events (20 events):
Event: 941.665 Thread 0x000001a9ff5e7800 nmethod 26451 0x000001a981955a90 code [0x000001a981955d80, 0x000001a981956988]
Event: 941.665 Thread 0x000001a9ff5e7800 26449       1       com.android.tools.r8.graph.T0::a (5 bytes)
Event: 941.665 Thread 0x000001a9ff5e7800 nmethod 26449 0x000001a987f47610 code [0x000001a987f477c0, 0x000001a987f47878]
Event: 941.665 Thread 0x000001a9ff5e7800 26454 %     3       com.android.tools.r8.internal.kY::i0 @ 10 (43 bytes)
Event: 941.665 Thread 0x000001a9ff5e7800 nmethod 26454% 0x000001a981aa1210 code [0x000001a981aa1440, 0x000001a981aa1c58]
Event: 941.665 Thread 0x000001a9ff5e7800 26452       1       com.android.tools.r8.internal.e5::a (2 bytes)
Event: 941.666 Thread 0x000001a9ff5e7800 nmethod 26452 0x000001a987f47310 code [0x000001a987f474c0, 0x000001a987f47578]
Event: 941.667 Thread 0x000001a9ff5e7800 26456       2       com.android.tools.r8.internal.kY::R (58 bytes)
Event: 941.668 Thread 0x000001a9ff5e7800 nmethod 26456 0x000001a9824a0d90 code [0x000001a9824a0f60, 0x000001a9824a1118]
Event: 941.668 Thread 0x000001a990b7f800 nmethod 26366 0x000001a9883cdf10 code [0x000001a9883ce3a0, 0x000001a9883d2528]
Event: 941.668 Thread 0x000001a990b7f800 26435       4       com.android.tools.r8.internal.B::putAll (124 bytes)
Event: 941.669 Thread 0x000001a9ff5e7800 26457       2       com.android.tools.r8.graph.p2::a (40 bytes)
Event: 941.669 Thread 0x000001a9ff5e7800 nmethod 26457 0x000001a981a82890 code [0x000001a981a82a60, 0x000001a981a82cc8]
Event: 941.669 Thread 0x000001a9ff5e7800 26458       2       com.android.tools.r8.graph.q2::a (20 bytes)
Event: 941.669 Thread 0x000001a9ff5e7800 nmethod 26458 0x000001a981a84b90 code [0x000001a981a84d60, 0x000001a981a84fc8]
Event: 941.670 Thread 0x000001a9ff5e7800 26459       2       com.android.tools.r8.internal.b7::<init> (10 bytes)
Event: 941.670 Thread 0x000001a9ff5e7800 nmethod 26459 0x000001a981cba010 code [0x000001a981cba1c0, 0x000001a981cba2e8]
Event: 941.672 Thread 0x000001a9ff5e7800 26460       2       com.android.tools.r8.graph.K2::a (39 bytes)
Event: 941.673 Thread 0x000001a9ff5e7800 nmethod 26460 0x000001a981ab5a10 code [0x000001a981ab5be0, 0x000001a981ab5e08]
Event: 941.673 Thread 0x000001a9ff5e7800 26465   !   3       com.android.tools.r8.graph.l::a (1381 bytes)

GC Heap History (20 events):
Event: 600.184 GC heap after
{Heap after GC invocations=62 (full 0):
 garbage-first heap   total 262144K, used 165614K [0x0000000080000000, 0x0000000100000000)
  region size 1024K, 2 young (2048K), 2 survivors (2048K)
 Metaspace       used 145104K, capacity 149992K, committed 150128K, reserved 1179648K
  class space    used 18401K, capacity 20182K, committed 20300K, reserved 1048576K
}
Event: 601.398 GC heap before
{Heap before GC invocations=62 (full 0):
 garbage-first heap   total 262144K, used 207598K [0x0000000080000000, 0x0000000100000000)
  region size 1024K, 44 young (45056K), 2 survivors (2048K)
 Metaspace       used 145214K, capacity 150143K, committed 150384K, reserved 1179648K
  class space    used 18404K, capacity 20186K, committed 20300K, reserved 1048576K
}
Event: 601.414 GC heap after
{Heap after GC invocations=63 (full 0):
 garbage-first heap   total 262144K, used 169714K [0x0000000080000000, 0x0000000100000000)
  region size 1024K, 6 young (6144K), 6 survivors (6144K)
 Metaspace       used 145214K, capacity 150143K, committed 150384K, reserved 1179648K
  class space    used 18404K, capacity 20186K, committed 20300K, reserved 1048576K
}
Event: 604.078 GC heap before
{Heap before GC invocations=64 (full 0):
 garbage-first heap   total 262144K, used 209650K [0x0000000080000000, 0x0000000100000000)
  region size 1024K, 48 young (49152K), 6 survivors (6144K)
 Metaspace       used 145317K, capacity 150219K, committed 150384K, reserved 1179648K
  class space    used 18406K, capacity 20188K, committed 20300K, reserved 1048576K
}
Event: 604.085 GC heap after
{Heap after GC invocations=65 (full 0):
 garbage-first heap   total 262144K, used 168478K [0x0000000080000000, 0x0000000100000000)
  region size 1024K, 2 young (2048K), 2 survivors (2048K)
 Metaspace       used 145317K, capacity 150219K, committed 150384K, reserved 1179648K
  class space    used 18406K, capacity 20188K, committed 20300K, reserved 1048576K
}
Event: 604.160 GC heap before
{Heap before GC invocations=65 (full 0):
 garbage-first heap   total 262144K, used 177694K [0x0000000080000000, 0x0000000100000000)
  region size 1024K, 12 young (12288K), 2 survivors (2048K)
 Metaspace       used 145347K, capacity 150222K, committed 150384K, reserved 1179648K
  class space    used 18406K, capacity 20188K, committed 20300K, reserved 1048576K
}
Event: 604.166 GC heap after
{Heap after GC invocations=66 (full 0):
 garbage-first heap   total 262144K, used 162856K [0x0000000080000000, 0x0000000100000000)
  region size 1024K, 1 young (1024K), 1 survivors (1024K)
 Metaspace       used 145347K, capacity 150222K, committed 150384K, reserved 1179648K
  class space    used 18406K, capacity 20188K, committed 20300K, reserved 1048576K
}
Event: 604.194 GC heap before
{Heap before GC invocations=66 (full 0):
 garbage-first heap   total 262144K, used 164904K [0x0000000080000000, 0x0000000100000000)
  region size 1024K, 5 young (5120K), 1 survivors (1024K)
 Metaspace       used 145347K, capacity 150222K, committed 150384K, reserved 1179648K
  class space    used 18406K, capacity 20188K, committed 20300K, reserved 1048576K
}
Event: 604.196 GC heap after
{Heap after GC invocations=67 (full 0):
 garbage-first heap   total 262144K, used 162954K [0x0000000080000000, 0x0000000100000000)
  region size 1024K, 1 young (1024K), 1 survivors (1024K)
 Metaspace       used 145347K, capacity 150222K, committed 150384K, reserved 1179648K
  class space    used 18406K, capacity 20188K, committed 20300K, reserved 1048576K
}
Event: 860.114 GC heap before
{Heap before GC invocations=68 (full 0):
 garbage-first heap   total 262144K, used 228490K [0x0000000080000000, 0x0000000100000000)
  region size 1024K, 48 young (49152K), 1 survivors (1024K)
 Metaspace       used 145555K, capacity 150556K, committed 150896K, reserved 1179648K
  class space    used 18416K, capacity 20207K, committed 20300K, reserved 1048576K
}
Event: 860.120 GC heap after
{Heap after GC invocations=69 (full 0):
 garbage-first heap   total 262144K, used 167608K [0x0000000080000000, 0x0000000100000000)
  region size 1024K, 6 young (6144K), 6 survivors (6144K)
 Metaspace       used 145555K, capacity 150556K, committed 150896K, reserved 1179648K
  class space    used 18416K, capacity 20207K, committed 20300K, reserved 1048576K
}
Event: 862.605 GC heap before
{Heap before GC invocations=69 (full 0):
 garbage-first heap   total 262144K, used 212664K [0x0000000080000000, 0x0000000100000000)
  region size 1024K, 51 young (52224K), 6 survivors (6144K)
 Metaspace       used 145697K, capacity 150675K, committed 150896K, reserved 1179648K
  class space    used 18423K, capacity 20219K, committed 20300K, reserved 1048576K
}
Event: 862.625 GC heap after
{Heap after GC invocations=70 (full 0):
 garbage-first heap   total 262144K, used 171149K [0x0000000080000000, 0x0000000100000000)
  region size 1024K, 4 young (4096K), 4 survivors (4096K)
 Metaspace       used 145697K, capacity 150675K, committed 150896K, reserved 1179648K
  class space    used 18423K, capacity 20219K, committed 20300K, reserved 1048576K
}
Event: 863.216 GC heap before
{Heap before GC invocations=71 (full 0):
 garbage-first heap   total 262144K, used 215181K [0x0000000080000000, 0x0000000100000000)
  region size 1024K, 49 young (50176K), 4 survivors (4096K)
 Metaspace       used 145811K, capacity 150765K, committed 150896K, reserved 1179648K
  class space    used 18425K, capacity 20222K, committed 20300K, reserved 1048576K
}
Event: 863.221 GC heap after
{Heap after GC invocations=72 (full 0):
 garbage-first heap   total 262144K, used 170734K [0x0000000080000000, 0x0000000100000000)
  region size 1024K, 5 young (5120K), 5 survivors (5120K)
 Metaspace       used 145811K, capacity 150765K, committed 150896K, reserved 1179648K
  class space    used 18425K, capacity 20222K, committed 20300K, reserved 1048576K
}
Event: 935.283 GC heap before
{Heap before GC invocations=72 (full 0):
 garbage-first heap   total 262144K, used 196334K [0x0000000080000000, 0x0000000100000000)
  region size 1024K, 12 young (12288K), 5 survivors (5120K)
 Metaspace       used 145827K, capacity 150765K, committed 150896K, reserved 1179648K
  class space    used 18425K, capacity 20222K, committed 20300K, reserved 1048576K
}
Event: 935.291 GC heap after
{Heap after GC invocations=73 (full 0):
 garbage-first heap   total 262144K, used 161696K [0x0000000080000000, 0x0000000100000000)
  region size 1024K, 1 young (1024K), 1 survivors (1024K)
 Metaspace       used 145827K, capacity 150765K, committed 150896K, reserved 1179648K
  class space    used 18425K, capacity 20222K, committed 20300K, reserved 1048576K
}
Event: 939.428 GC heap before
{Heap before GC invocations=73 (full 0):
 garbage-first heap   total 262144K, used 213920K [0x0000000080000000, 0x0000000100000000)
  region size 1024K, 53 young (54272K), 1 survivors (1024K)
 Metaspace       used 146225K, capacity 151246K, committed 151536K, reserved 1181696K
  class space    used 18470K, capacity 20304K, committed 20428K, reserved 1048576K
}
Event: 939.445 GC heap after
{Heap after GC invocations=74 (full 0):
 garbage-first heap   total 262144K, used 168021K [0x0000000080000000, 0x0000000100000000)
  region size 1024K, 7 young (7168K), 7 survivors (7168K)
 Metaspace       used 146225K, capacity 151246K, committed 151536K, reserved 1181696K
  class space    used 18470K, capacity 20304K, committed 20428K, reserved 1048576K
}
Event: 941.681 GC heap before
{Heap before GC invocations=75 (full 0):
 garbage-first heap   total 262144K, used 216149K [0x0000000080000000, 0x0000000100000000)
  region size 1024K, 55 young (56320K), 7 survivors (7168K)
 Metaspace       used 146320K, capacity 151447K, committed 151792K, reserved 1181696K
  class space    used 18471K, capacity 20305K, committed 20428K, reserved 1048576K
}

Deoptimization events (20 events):
Event: 862.981 Thread 0x000001a993b1b800 DEOPT PACKING pc=0x000001a980ed729b sp=0x000000a3614fbbf0
Event: 862.981 Thread 0x000001a993b1b800 DEOPT UNPACKING pc=0x000001a98004a95e sp=0x000000a3614fb2e0 mode 0
Event: 863.042 Thread 0x000001a993b1f800 DEOPT PACKING pc=0x000001a9812dc5ce sp=0x000000a3613fd1e0
Event: 863.042 Thread 0x000001a993b1f800 DEOPT UNPACKING pc=0x000001a98004a95e sp=0x000000a3613fc6c8 mode 0
Event: 863.295 Thread 0x000001a990b85800 DEOPT PACKING pc=0x000001a9807e9ae0 sp=0x000000a35ccfbd10
Event: 863.295 Thread 0x000001a990b85800 DEOPT UNPACKING pc=0x000001a98004a95e sp=0x000000a35ccfb1d0 mode 0
Event: 938.510 Thread 0x000001a99a125800 Uncommon trap: trap_request=0xffffff4d fr.pc=0x000001a9881964ec relative=0x000000000000046c
Event: 938.510 Thread 0x000001a99a125800 Uncommon trap: reason=unstable_if action=reinterpret pc=0x000001a9881964ec method=org.gradle.internal.logging.sink.OutputEventRenderer.onOutput(Lorg/gradle/internal/logging/events/OutputEvent;)V @ 24 c2
Event: 938.510 Thread 0x000001a99a125800 DEOPT PACKING pc=0x000001a9881964ec sp=0x000000a35cffe7c0
Event: 938.510 Thread 0x000001a99a125800 DEOPT UNPACKING pc=0x000001a98004a1af sp=0x000000a35cffe708 mode 2
Event: 941.531 Thread 0x000001a993b15800 DEOPT PACKING pc=0x000001a983978f65 sp=0x000000a360cfc540
Event: 941.531 Thread 0x000001a993b15800 DEOPT UNPACKING pc=0x000001a98004a95e sp=0x000000a360cfbcd0 mode 0
Event: 941.558 Thread 0x000001a993b15800 DEOPT PACKING pc=0x000001a980b2d5f7 sp=0x000000a360cfc390
Event: 941.558 Thread 0x000001a993b15800 DEOPT UNPACKING pc=0x000001a98004a95e sp=0x000000a360cfb968 mode 0
Event: 941.621 Thread 0x000001a993b15800 Uncommon trap: trap_request=0xffffff76 fr.pc=0x000001a988153ecc relative=0x000000000000140c
Event: 941.621 Thread 0x000001a993b15800 Uncommon trap: reason=loop_limit_check action=maybe_recompile pc=0x000001a988153ecc method=com.android.tools.r8.internal.B.putAll(Ljava/util/Map;)V @ 31 c2
Event: 941.621 Thread 0x000001a993b15800 DEOPT PACKING pc=0x000001a988153ecc sp=0x000000a360cfc1e0
Event: 941.621 Thread 0x000001a993b15800 DEOPT UNPACKING pc=0x000001a98004a1af sp=0x000000a360cfc1c8 mode 2
Event: 941.673 Thread 0x000001a993b15800 DEOPT PACKING pc=0x000001a980b36ebe sp=0x000000a360cfc3c0
Event: 941.673 Thread 0x000001a993b15800 DEOPT UNPACKING pc=0x000001a98004a95e sp=0x000000a360cfbab0 mode 0

Classes redefined (0 events):
No events

Internal exceptions (20 events):
Event: 860.112 Thread 0x000001a990b85800 Exception <a 'sun/nio/fs/WindowsException'{0x000000008d0a1290}> (0x000000008d0a1290) thrown at [./src/hotspot/share/prims/jni.cpp, line 615]
Event: 860.112 Thread 0x000001a990b85800 Exception <a 'sun/nio/fs/WindowsException'{0x000000008d0a24f8}> (0x000000008d0a24f8) thrown at [./src/hotspot/share/prims/jni.cpp, line 615]
Event: 860.112 Thread 0x000001a990b85800 Exception <a 'sun/nio/fs/WindowsException'{0x000000008d0a37b0}> (0x000000008d0a37b0) thrown at [./src/hotspot/share/prims/jni.cpp, line 615]
Event: 860.112 Thread 0x000001a990b85800 Exception <a 'sun/nio/fs/WindowsException'{0x000000008d0a4a68}> (0x000000008d0a4a68) thrown at [./src/hotspot/share/prims/jni.cpp, line 615]
Event: 860.458 Thread 0x000001a993b1b800 Exception <a 'java/lang/InterruptedException'{0x000000008d31d018}> (0x000000008d31d018) thrown at [./src/hotspot/share/runtime/objectMonitor.cpp, line 1635]
Event: 862.704 Thread 0x000001a993b1b800 Exception <a 'sun/nio/fs/WindowsException'{0x000000008faa8740}> (0x000000008faa8740) thrown at [./src/hotspot/share/prims/jni.cpp, line 615]
Event: 862.992 Thread 0x000001a993b1b800 Exception <a 'sun/nio/fs/WindowsException'{0x000000008df09e30}> (0x000000008df09e30) thrown at [./src/hotspot/share/prims/jni.cpp, line 615]
Event: 863.026 Thread 0x000001a993b1f800 Exception <a 'sun/nio/fs/WindowsException'{0x000000008de858d0}> (0x000000008de858d0) thrown at [./src/hotspot/share/prims/jni.cpp, line 615]
Event: 863.048 Thread 0x000001a993b1f800 Exception <a 'sun/nio/fs/WindowsException'{0x000000008dae3998}> (0x000000008dae3998) thrown at [./src/hotspot/share/prims/jni.cpp, line 615]
Event: 863.293 Thread 0x000001a990b85800 Exception <a 'sun/nio/fs/WindowsException'{0x000000008fd19048}> (0x000000008fd19048) thrown at [./src/hotspot/share/prims/jni.cpp, line 615]
Event: 863.293 Thread 0x000001a990b85800 Exception <a 'sun/nio/fs/WindowsException'{0x000000008fd190c8}> (0x000000008fd190c8) thrown at [./src/hotspot/share/prims/jni.cpp, line 615]
Event: 863.294 Thread 0x000001a990b85800 Exception <a 'sun/nio/fs/WindowsException'{0x000000008fd1f558}> (0x000000008fd1f558) thrown at [./src/hotspot/share/prims/jni.cpp, line 615]
Event: 938.657 Thread 0x000001a99a124800 Exception <a 'sun/nio/fs/WindowsException'{0x000000008e610ab8}> (0x000000008e610ab8) thrown at [./src/hotspot/share/prims/jni.cpp, line 615]
Event: 938.763 Thread 0x000001a99a124800 Exception <a 'sun/nio/fs/WindowsException'{0x000000008db953d0}> (0x000000008db953d0) thrown at [./src/hotspot/share/prims/jni.cpp, line 615]
Event: 938.768 Thread 0x000001a99a124800 Exception <a 'sun/nio/fs/WindowsException'{0x000000008da37af8}> (0x000000008da37af8) thrown at [./src/hotspot/share/prims/jni.cpp, line 615]
Event: 938.769 Thread 0x000001a99a124800 Exception <a 'sun/nio/fs/WindowsException'{0x000000008da38d60}> (0x000000008da38d60) thrown at [./src/hotspot/share/prims/jni.cpp, line 615]
Event: 938.769 Thread 0x000001a99a124800 Exception <a 'sun/nio/fs/WindowsException'{0x000000008da3a018}> (0x000000008da3a018) thrown at [./src/hotspot/share/prims/jni.cpp, line 615]
Event: 938.769 Thread 0x000001a99a124800 Exception <a 'sun/nio/fs/WindowsException'{0x000000008da3b2d0}> (0x000000008da3b2d0) thrown at [./src/hotspot/share/prims/jni.cpp, line 615]
Event: 939.914 Thread 0x000001a993b1f800 Exception <a 'java/lang/InterruptedException'{0x000000008e400000}> (0x000000008e400000) thrown at [./src/hotspot/share/runtime/objectMonitor.cpp, line 1635]
Event: 941.525 Thread 0x000001a993b15800 Exception <a 'sun/nio/fs/WindowsException'{0x000000008dd87100}> (0x000000008dd87100) thrown at [./src/hotspot/share/prims/jni.cpp, line 615]

Events (20 events):
Event: 939.901 Thread 0x000001a993b1f800 Thread added: 0x000001a993b1f800
Event: 939.907 Executing VM operation: RevokeBias
Event: 939.907 Executing VM operation: RevokeBias done
Event: 939.922 Executing VM operation: RevokeBias
Event: 939.922 Executing VM operation: RevokeBias done
Event: 941.418 Thread 0x000001a993b15800 Thread exited: 0x000001a993b15800
Event: 941.449 Executing VM operation: RevokeBias
Event: 941.449 Executing VM operation: RevokeBias done
Event: 941.520 Thread 0x000001a993b15800 Thread added: 0x000001a993b15800
Event: 941.520 Executing VM operation: RevokeBias
Event: 941.521 Executing VM operation: RevokeBias done
Event: 941.522 Thread 0x000001a993b1e800 Thread added: 0x000001a993b1e800
Event: 941.522 Thread 0x000001a993b20000 Thread added: 0x000001a993b20000
Event: 941.522 Thread 0x000001a993b22000 Thread added: 0x000001a993b22000
Event: 941.534 loading class com/android/tools/r8/internal/GJ
Event: 941.534 loading class com/android/tools/r8/internal/GJ done
Event: 941.540 Thread 0x000001a990b7f800 Thread added: 0x000001a990b7f800
Event: 941.658 Executing VM operation: RevokeBias
Event: 941.663 Executing VM operation: RevokeBias done
Event: 941.681 Executing VM operation: G1CollectForAllocation


Dynamic libraries:
0x00007ff773720000 - 0x00007ff77372a000 	C:\Program Files\Android\Android Studio\jre\bin\java.exe
0x00007ff9015f0000 - 0x00007ff9017e8000 	C:\WINDOWS\SYSTEM32\ntdll.dll
0x00007ff900210000 - 0x00007ff9002cf000 	C:\WINDOWS\System32\KERNEL32.DLL
0x00007ff8fedf0000 - 0x00007ff8ff0ca000 	C:\WINDOWS\System32\KERNELBASE.dll
0x00007ff8ff170000 - 0x00007ff8ff270000 	C:\WINDOWS\System32\ucrtbase.dll
0x00007ff8f4f00000 - 0x00007ff8f4f19000 	C:\Program Files\Android\Android Studio\jre\bin\jli.dll
0x00007ff900fa0000 - 0x00007ff90113d000 	C:\WINDOWS\System32\USER32.dll
0x00007ff8ff140000 - 0x00007ff8ff162000 	C:\WINDOWS\System32\win32u.dll
0x00007ff9013c0000 - 0x00007ff9013eb000 	C:\WINDOWS\System32\GDI32.dll
0x00007ff8ff400000 - 0x00007ff8ff510000 	C:\WINDOWS\System32\gdi32full.dll
0x00007ff8fed50000 - 0x00007ff8feded000 	C:\WINDOWS\System32\msvcp_win.dll
0x00007ff8f3900000 - 0x00007ff8f3917000 	C:\Program Files\Android\Android Studio\jre\bin\VCRUNTIME140.dll
0x00007ff8e8ce0000 - 0x00007ff8e8f7a000 	C:\WINDOWS\WinSxS\amd64_microsoft.windows.common-controls_6595b64144ccf1df_6.0.19041.1110_none_60b5254171f9507e\COMCTL32.dll
0x00007ff901260000 - 0x00007ff9012fe000 	C:\WINDOWS\System32\msvcrt.dll
0x00007ff901230000 - 0x00007ff901260000 	C:\WINDOWS\System32\IMM32.DLL
0x00007ff8d7df0000 - 0x00007ff8d7e8d000 	C:\Program Files\Android\Android Studio\jre\bin\msvcp140.dll
0x00007ff8cdf50000 - 0x00007ff8cea35000 	C:\Program Files\Android\Android Studio\jre\bin\server\jvm.dll
0x00007ff8ff650000 - 0x00007ff8ff6fe000 	C:\WINDOWS\System32\ADVAPI32.dll
0x00007ff9004c0000 - 0x00007ff90055c000 	C:\WINDOWS\System32\sechost.dll
0x00007ff8ff700000 - 0x00007ff8ff826000 	C:\WINDOWS\System32\RPCRT4.dll
0x00007ff9005d0000 - 0x00007ff9005d8000 	C:\WINDOWS\System32\PSAPI.DLL
0x00007ff8fc4d0000 - 0x00007ff8fc4d9000 	C:\WINDOWS\SYSTEM32\WSOCK32.dll
0x00007ff9011c0000 - 0x00007ff90122b000 	C:\WINDOWS\System32\WS2_32.dll
0x00007ff8f3af0000 - 0x00007ff8f3b17000 	C:\WINDOWS\SYSTEM32\WINMM.dll
0x00007ff8f92d0000 - 0x00007ff8f92da000 	C:\WINDOWS\SYSTEM32\VERSION.dll
0x00007ff8fcba0000 - 0x00007ff8fcbb2000 	C:\WINDOWS\SYSTEM32\kernel.appcore.dll
0x00007ff8f7100000 - 0x00007ff8f7111000 	C:\Program Files\Android\Android Studio\jre\bin\verify.dll
0x00007ff8f15d0000 - 0x00007ff8f17b4000 	C:\WINDOWS\SYSTEM32\DBGHELP.DLL
0x00007ff8e97a0000 - 0x00007ff8e97d4000 	C:\WINDOWS\SYSTEM32\dbgcore.DLL
0x00007ff8ff5c0000 - 0x00007ff8ff642000 	C:\WINDOWS\System32\bcryptPrimitives.dll
0x00007ff8f64d0000 - 0x00007ff8f64f9000 	C:\Program Files\Android\Android Studio\jre\bin\java.dll
0x00007ff8f70f0000 - 0x00007ff8f70fb000 	C:\Program Files\Android\Android Studio\jre\bin\jimage.dll
0x00007ff8f6570000 - 0x00007ff8f6588000 	C:\Program Files\Android\Android Studio\jre\bin\zip.dll
0x00007ff8ff8e0000 - 0x00007ff900024000 	C:\WINDOWS\System32\SHELL32.dll
0x00007ff8fcda0000 - 0x00007ff8fd533000 	C:\WINDOWS\SYSTEM32\windows.storage.dll
0x00007ff9005e0000 - 0x00007ff900934000 	C:\WINDOWS\System32\combase.dll
0x00007ff8fe680000 - 0x00007ff8fe6ae000 	C:\WINDOWS\SYSTEM32\Wldp.dll
0x00007ff8ff830000 - 0x00007ff8ff8dd000 	C:\WINDOWS\System32\SHCORE.dll
0x00007ff9002d0000 - 0x00007ff900325000 	C:\WINDOWS\System32\shlwapi.dll
0x00007ff8fec40000 - 0x00007ff8fec5f000 	C:\WINDOWS\SYSTEM32\profapi.dll
0x00007ff8f64b0000 - 0x00007ff8f64ca000 	C:\Program Files\Android\Android Studio\jre\bin\net.dll
0x00007ff8f7ae0000 - 0x00007ff8f7bea000 	C:\WINDOWS\SYSTEM32\WINHTTP.dll
0x00007ff8fe460000 - 0x00007ff8fe4ca000 	C:\WINDOWS\system32\mswsock.dll
0x00007ff8f5420000 - 0x00007ff8f5434000 	C:\Program Files\Android\Android Studio\jre\bin\nio.dll
0x00007ff8f0ba0000 - 0x00007ff8f0bc7000 	C:\Users\Dobro\.gradle\native\e1d6ef7f7dcc3fd88c89a11ec53ec762bb8ba0a96d01ffa2cd45eb1d1d8dd5c5\windows-amd64\native-platform.dll
0x00007ff8d0090000 - 0x00007ff8d01d4000 	C:\Users\Dobro\.gradle\native\5664cfc778a61ccfe75a443a1ab52a65af34e5dc3c78e0209fed803814484fcb\windows-amd64\native-platform-file-events.dll
0x00007ff8f5410000 - 0x00007ff8f541a000 	C:\Program Files\Android\Android Studio\jre\bin\management.dll
0x00007ff8f5400000 - 0x00007ff8f540d000 	C:\Program Files\Android\Android Studio\jre\bin\management_ext.dll
0x00007ff8fe9c0000 - 0x00007ff8fe9d8000 	C:\WINDOWS\SYSTEM32\CRYPTSP.dll
0x00007ff8fdd30000 - 0x00007ff8fdd64000 	C:\WINDOWS\system32\rsaenh.dll
0x00007ff8ff3d0000 - 0x00007ff8ff3f7000 	C:\WINDOWS\System32\bcrypt.dll
0x00007ff8fec00000 - 0x00007ff8fec2e000 	C:\WINDOWS\SYSTEM32\USERENV.dll
0x00007ff8fe5f0000 - 0x00007ff8fe5fc000 	C:\WINDOWS\SYSTEM32\CRYPTBASE.dll
0x00007ff8fe120000 - 0x00007ff8fe15c000 	C:\WINDOWS\SYSTEM32\IPHLPAPI.DLL
0x00007ff9015a0000 - 0x00007ff9015a8000 	C:\WINDOWS\System32\NSI.dll
0x00007ff8f8ed0000 - 0x00007ff8f8ee7000 	C:\WINDOWS\SYSTEM32\dhcpcsvc6.DLL
0x00007ff8f8eb0000 - 0x00007ff8f8ecd000 	C:\WINDOWS\SYSTEM32\dhcpcsvc.DLL
0x00007ff8fe170000 - 0x00007ff8fe23b000 	C:\WINDOWS\SYSTEM32\DNSAPI.dll
0x00007ff8fa830000 - 0x00007ff8fa84e000 	C:\Users\Dobro\AppData\Local\Temp\native-platform17256222915214499264dir\native-platform.dll
0x00007ff8f6490000 - 0x00007ff8f6498000 	C:\Program Files\Android\Android Studio\jre\bin\rmi.dll
0x00007ff8f5140000 - 0x00007ff8f5167000 	C:\Program Files\Android\Android Studio\jre\bin\sunec.dll

dbghelp: loaded successfully - version: 4.0.5 - missing functions: none
symbol engine: initialized successfully - sym options: 0x614 - pdb path: .;C:\Program Files\Android\Android Studio\jre\bin;C:\WINDOWS\SYSTEM32;C:\WINDOWS\WinSxS\amd64_microsoft.windows.common-controls_6595b64144ccf1df_6.0.19041.1110_none_60b5254171f9507e;C:\Program Files\Android\Android Studio\jre\bin\server;C:\Users\Dobro\.gradle\native\e1d6ef7f7dcc3fd88c89a11ec53ec762bb8ba0a96d01ffa2cd45eb1d1d8dd5c5\windows-amd64;C:\Users\Dobro\.gradle\native\5664cfc778a61ccfe75a443a1ab52a65af34e5dc3c78e0209fed803814484fcb\windows-amd64;C:\Users\Dobro\AppData\Local\Temp\native-platform17256222915214499264dir

VM Arguments:
jvm_args: --add-opens=java.base/java.util=ALL-UNNAMED --add-opens=java.base/java.lang=ALL-UNNAMED --add-opens=java.base/java.lang.invoke=ALL-UNNAMED --add-opens=java.base/java.util=ALL-UNNAMED --add-opens=java.prefs/java.util.prefs=ALL-UNNAMED --add-opens=java.prefs/java.util.prefs=ALL-UNNAMED --add-opens=java.base/java.nio.charset=ALL-UNNAMED --add-opens=java.base/java.net=ALL-UNNAMED --add-opens=java.base/java.util.concurrent.atomic=ALL-UNNAMED -Xmx2048m -Dfile.encoding=UTF-8 -Duser.country=RU -Duser.language=ru -Duser.variant 
java_command: org.gradle.launcher.daemon.bootstrap.GradleDaemon 7.3.3
java_class_path (initial): C:\Users\Dobro\.gradle\wrapper\dists\gradle-7.3.3-bin\6a41zxkdtcxs8rphpq6y0069z\gradle-7.3.3\lib\gradle-launcher-7.3.3.jar
Launcher Type: SUN_STANDARD

[Global flags]
     intx CICompilerCount                          = 3                                         {product} {ergonomic}
     uint ConcGCThreads                            = 1                                         {product} {ergonomic}
     uint G1ConcRefinementThreads                  = 4                                         {product} {ergonomic}
   size_t G1HeapRegionSize                         = 1048576                                   {product} {ergonomic}
    uintx GCDrainStackTargetSize                   = 64                                        {product} {ergonomic}
   size_t InitialHeapSize                          = 268435456                                 {product} {ergonomic}
   size_t MarkStackSize                            = 4194304                                   {product} {ergonomic}
   size_t MaxHeapSize                              = 2147483648                                {product} {command line}
   size_t MaxNewSize                               = 1287651328                                {product} {ergonomic}
   size_t MinHeapDeltaBytes                        = 1048576                                   {product} {ergonomic}
    uintx NonNMethodCodeHeapSize                   = 5830732                                {pd product} {ergonomic}
    uintx NonProfiledCodeHeapSize                  = 122913754                              {pd product} {ergonomic}
    uintx ProfiledCodeHeapSize                     = 122913754                              {pd product} {ergonomic}
    uintx ReservedCodeCacheSize                    = 251658240                              {pd product} {ergonomic}
     bool SegmentedCodeCache                       = true                                      {product} {ergonomic}
     bool UseCompressedClassPointers               = true                                 {lp64_product} {ergonomic}
     bool UseCompressedOops                        = true                                 {lp64_product} {ergonomic}
     bool UseG1GC                                  = true                                      {product} {ergonomic}
     bool UseLargePagesIndividualAllocation        = false                                  {pd product} {ergonomic}

Logging:
Log output configuration:
 #0: stdout all=warning uptime,level,tags
 #1: stderr all=off uptime,level,tags

Environment Variables:
JAVA_HOME=C:\Program Files\Android\Android Studio\jre
PATH=C:\WINDOWS\system32;C:\WINDOWS;C:\WINDOWS\System32\Wbem;C:\WINDOWS\System32\WindowsPowerShell\v1.0\;C:\WINDOWS\System32\OpenSSH\;E:\GPG4WIN\GnuPG\pub;C:\Users\Dobro\AppData\Local\Programs\Python\Python39;C:\Program Files\Git\cmd;C:\Program Files\MySQL\MySQL Shell 8.0\bin\;C:\Users\Dobro\AppData\Local\Microsoft\WindowsApps;;E:\Microsoft VS Code\bin
USERNAME=Dobro
OS=Windows_NT
PROCESSOR_IDENTIFIER=Intel64 Family 6 Model 158 Stepping 9, GenuineIntel



---------------  S Y S T E M  ---------------

OS: Windows 10 , 64 bit Build 19041 (10.0.19041.2788)
OS uptime: 2 days 14:23 hours
Hyper-V role detected

CPU:total 4 (initial active 4) (4 cores per cpu, 1 threads per core) family 6 model 158 stepping 9 microcode 0xb4, cmov, cx8, fxsr, mmx, sse, sse2, sse3, ssse3, sse4.1, sse4.2, popcnt, avx, avx2, aes, clmul, erms, 3dnowpref, lzcnt, tsc, tscinvbit, bmi1, bmi2, adx, fma

Memory: 4k page, system-wide physical 16339M (5915M free)
TotalPageFile size 18771M (AvailPageFile size 5094M)
current process WorkingSet (physical memory assigned to process): 658M, peak: 670M
current process commit charge ("private bytes"): 689M, peak: 702M

vm_info: OpenJDK 64-Bit Server VM (11.0.12+7-b1504.28-7817840) for windows-amd64 JRE (11.0.12+7-b1504.28-7817840), built on Oct 13 2021 22:12:33 by "builder" with MS VC++ 14.0 (VS2015)

END.
